{"C:\\Users\\Gerald\\Desktop\\SMU\\SPM\\IS212-G8T4\\backend\\src\\app.js": {"path":"C:\\Users\\Gerald\\Desktop\\SMU\\SPM\\IS212-G8T4\\backend\\src\\app.js","statementMap":{"0":{"start":{"line":1,"column":16},"end":{"line":1,"column":34}},"1":{"start":{"line":2,"column":13},"end":{"line":2,"column":28}},"2":{"start":{"line":3,"column":15},"end":{"line":3,"column":32}},"3":{"start":{"line":5,"column":12},"end":{"line":5,"column":21}},"4":{"start":{"line":8,"column":0},"end":{"line":8,"column":16}},"5":{"start":{"line":9,"column":0},"end":{"line":9,"column":23}},"6":{"start":{"line":10,"column":0},"end":{"line":10,"column":24}},"7":{"start":{"line":11,"column":0},"end":{"line":11,"column":48}},"8":{"start":{"line":14,"column":19},"end":{"line":14,"column":49}},"9":{"start":{"line":15,"column":19},"end":{"line":15,"column":49}},"10":{"start":{"line":16,"column":22},"end":{"line":16,"column":55}},"11":{"start":{"line":17,"column":22},"end":{"line":17,"column":55}},"12":{"start":{"line":18,"column":19},"end":{"line":18,"column":49}},"13":{"start":{"line":21,"column":0},"end":{"line":21,"column":33}},"14":{"start":{"line":22,"column":0},"end":{"line":22,"column":34}},"15":{"start":{"line":23,"column":0},"end":{"line":23,"column":40}},"16":{"start":{"line":24,"column":0},"end":{"line":24,"column":34}},"17":{"start":{"line":25,"column":0},"end":{"line":27,"column":3}},"18":{"start":{"line":26,"column":2},"end":{"line":26,"column":59}},"19":{"start":{"line":28,"column":0},"end":{"line":28,"column":31}},"20":{"start":{"line":31,"column":0},"end":{"line":37,"column":3}},"21":{"start":{"line":32,"column":2},"end":{"line":32,"column":27}},"22":{"start":{"line":33,"column":2},"end":{"line":36,"column":5}},"23":{"start":{"line":39,"column":0},"end":{"line":39,"column":21}}},"fnMap":{"0":{"name":"(anonymous_0)","decl":{"start":{"line":25,"column":23},"end":{"line":25,"column":24}},"loc":{"start":{"line":25,"column":37},"end":{"line":27,"column":1}},"line":25},"1":{"name":"(anonymous_1)","decl":{"start":{"line":31,"column":8},"end":{"line":31,"column":9}},"loc":{"start":{"line":31,"column":33},"end":{"line":37,"column":1}},"line":31}},"branchMap":{"0":{"loc":{"start":{"line":35,"column":13},"end":{"line":35,"column":51}},"type":"binary-expr","locations":[{"start":{"line":35,"column":13},"end":{"line":35,"column":24}},{"start":{"line":35,"column":28},"end":{"line":35,"column":51}}],"line":35}},"s":{"0":6,"1":6,"2":6,"3":6,"4":6,"5":6,"6":6,"7":6,"8":6,"9":6,"10":6,"11":6,"12":6,"13":6,"14":6,"15":6,"16":6,"17":6,"18":0,"19":6,"20":6,"21":0,"22":0,"23":6},"f":{"0":0,"1":0},"b":{"0":[0,0]},"_coverageSchema":"1a1c01bbd47fc00a2c39e90264f33305004495a9","hash":"2bca43b1388f92b5a09b85b2e61dce99359f3525"}
,"C:\\Users\\Gerald\\Desktop\\SMU\\SPM\\IS212-G8T4\\backend\\src\\controllers\\authController.js": {"path":"C:\\Users\\Gerald\\Desktop\\SMU\\SPM\\IS212-G8T4\\backend\\src\\controllers\\authController.js","statementMap":{"0":{"start":{"line":1,"column":12},"end":{"line":1,"column":35}},"1":{"start":{"line":2,"column":15},"end":{"line":2,"column":34}},"2":{"start":{"line":3,"column":17},"end":{"line":3,"column":40}},"3":{"start":{"line":5,"column":14},"end":{"line":74,"column":1}},"4":{"start":{"line":6,"column":2},"end":{"line":73,"column":3}},"5":{"start":{"line":7,"column":32},"end":{"line":7,"column":40}},"6":{"start":{"line":10,"column":4},"end":{"line":15,"column":5}},"7":{"start":{"line":11,"column":6},"end":{"line":14,"column":9}},"8":{"start":{"line":18,"column":23},"end":{"line":18,"column":68}},"9":{"start":{"line":19,"column":4},"end":{"line":24,"column":5}},"10":{"start":{"line":20,"column":6},"end":{"line":23,"column":9}},"11":{"start":{"line":27,"column":17},"end":{"line":27,"column":46}},"12":{"start":{"line":28,"column":4},"end":{"line":33,"column":5}},"13":{"start":{"line":29,"column":6},"end":{"line":32,"column":9}},"14":{"start":{"line":36,"column":28},"end":{"line":36,"column":77}},"15":{"start":{"line":37,"column":4},"end":{"line":42,"column":5}},"16":{"start":{"line":38,"column":6},"end":{"line":41,"column":9}},"17":{"start":{"line":45,"column":18},"end":{"line":53,"column":5}},"18":{"start":{"line":55,"column":4},"end":{"line":66,"column":7}},"19":{"start":{"line":68,"column":4},"end":{"line":68,"column":41}},"20":{"start":{"line":69,"column":4},"end":{"line":72,"column":7}},"21":{"start":{"line":76,"column":15},"end":{"line":76,"column":32}},"22":{"start":{"line":78,"column":29},"end":{"line":112,"column":1}},"23":{"start":{"line":79,"column":2},"end":{"line":111,"column":3}},"24":{"start":{"line":80,"column":22},"end":{"line":80,"column":30}},"25":{"start":{"line":81,"column":17},"end":{"line":81,"column":46}},"26":{"start":{"line":83,"column":4},"end":{"line":88,"column":5}},"27":{"start":{"line":84,"column":6},"end":{"line":87,"column":9}},"28":{"start":{"line":91,"column":23},"end":{"line":91,"column":61}},"29":{"start":{"line":92,"column":24},"end":{"line":92,"column":57}},"30":{"start":{"line":95,"column":4},"end":{"line":95,"column":34}},"31":{"start":{"line":96,"column":4},"end":{"line":96,"column":59}},"32":{"start":{"line":97,"column":4},"end":{"line":97,"column":22}},"33":{"start":{"line":99,"column":4},"end":{"line":104,"column":7}},"34":{"start":{"line":106,"column":4},"end":{"line":106,"column":58}},"35":{"start":{"line":107,"column":4},"end":{"line":110,"column":7}},"36":{"start":{"line":114,"column":22},"end":{"line":155,"column":1}},"37":{"start":{"line":115,"column":2},"end":{"line":154,"column":3}},"38":{"start":{"line":116,"column":35},"end":{"line":116,"column":43}},"39":{"start":{"line":118,"column":17},"end":{"line":120,"column":6}},"40":{"start":{"line":122,"column":4},"end":{"line":127,"column":5}},"41":{"start":{"line":123,"column":6},"end":{"line":126,"column":9}},"42":{"start":{"line":130,"column":25},"end":{"line":130,"column":69}},"43":{"start":{"line":131,"column":4},"end":{"line":136,"column":5}},"44":{"start":{"line":132,"column":6},"end":{"line":135,"column":9}},"45":{"start":{"line":139,"column":4},"end":{"line":139,"column":59}},"46":{"start":{"line":140,"column":4},"end":{"line":140,"column":27}},"47":{"start":{"line":141,"column":4},"end":{"line":141,"column":33}},"48":{"start":{"line":142,"column":4},"end":{"line":142,"column":22}},"49":{"start":{"line":144,"column":4},"end":{"line":147,"column":7}},"50":{"start":{"line":149,"column":4},"end":{"line":149,"column":50}},"51":{"start":{"line":150,"column":4},"end":{"line":153,"column":7}},"52":{"start":{"line":157,"column":0},"end":{"line":161,"column":2}}},"fnMap":{"0":{"name":"(anonymous_0)","decl":{"start":{"line":5,"column":14},"end":{"line":5,"column":15}},"loc":{"start":{"line":5,"column":34},"end":{"line":74,"column":1}},"line":5},"1":{"name":"(anonymous_1)","decl":{"start":{"line":78,"column":29},"end":{"line":78,"column":30}},"loc":{"start":{"line":78,"column":49},"end":{"line":112,"column":1}},"line":78},"2":{"name":"(anonymous_2)","decl":{"start":{"line":114,"column":22},"end":{"line":114,"column":23}},"loc":{"start":{"line":114,"column":42},"end":{"line":155,"column":1}},"line":114}},"branchMap":{"0":{"loc":{"start":{"line":10,"column":4},"end":{"line":15,"column":5}},"type":"if","locations":[{"start":{"line":10,"column":4},"end":{"line":15,"column":5}},{"start":{},"end":{}}],"line":10},"1":{"loc":{"start":{"line":10,"column":8},"end":{"line":10,"column":27}},"type":"binary-expr","locations":[{"start":{"line":10,"column":8},"end":{"line":10,"column":14}},{"start":{"line":10,"column":18},"end":{"line":10,"column":27}}],"line":10},"2":{"loc":{"start":{"line":19,"column":4},"end":{"line":24,"column":5}},"type":"if","locations":[{"start":{"line":19,"column":4},"end":{"line":24,"column":5}},{"start":{},"end":{}}],"line":19},"3":{"loc":{"start":{"line":28,"column":4},"end":{"line":33,"column":5}},"type":"if","locations":[{"start":{"line":28,"column":4},"end":{"line":33,"column":5}},{"start":{},"end":{}}],"line":28},"4":{"loc":{"start":{"line":37,"column":4},"end":{"line":42,"column":5}},"type":"if","locations":[{"start":{"line":37,"column":4},"end":{"line":42,"column":5}},{"start":{},"end":{}}],"line":37},"5":{"loc":{"start":{"line":83,"column":4},"end":{"line":88,"column":5}},"type":"if","locations":[{"start":{"line":83,"column":4},"end":{"line":88,"column":5}},{"start":{},"end":{}}],"line":83},"6":{"loc":{"start":{"line":122,"column":4},"end":{"line":127,"column":5}},"type":"if","locations":[{"start":{"line":122,"column":4},"end":{"line":127,"column":5}},{"start":{},"end":{}}],"line":122},"7":{"loc":{"start":{"line":131,"column":4},"end":{"line":136,"column":5}},"type":"if","locations":[{"start":{"line":131,"column":4},"end":{"line":136,"column":5}},{"start":{},"end":{}}],"line":131}},"s":{"0":6,"1":6,"2":6,"3":6,"4":0,"5":0,"6":0,"7":0,"8":0,"9":0,"10":0,"11":0,"12":0,"13":0,"14":0,"15":0,"16":0,"17":0,"18":0,"19":0,"20":0,"21":6,"22":6,"23":0,"24":0,"25":0,"26":0,"27":0,"28":0,"29":0,"30":0,"31":0,"32":0,"33":0,"34":0,"35":0,"36":6,"37":0,"38":0,"39":0,"40":0,"41":0,"42":0,"43":0,"44":0,"45":0,"46":0,"47":0,"48":0,"49":0,"50":0,"51":0,"52":6},"f":{"0":0,"1":0,"2":0},"b":{"0":[0,0],"1":[0,0],"2":[0,0],"3":[0,0],"4":[0,0],"5":[0,0],"6":[0,0],"7":[0,0]},"_coverageSchema":"1a1c01bbd47fc00a2c39e90264f33305004495a9","hash":"58228847bacfd8f2c8677fe53c6ca2f761595c1e"}
,"C:\\Users\\Gerald\\Desktop\\SMU\\SPM\\IS212-G8T4\\backend\\src\\controllers\\projectController.js": {"path":"C:\\Users\\Gerald\\Desktop\\SMU\\SPM\\IS212-G8T4\\backend\\src\\controllers\\projectController.js","statementMap":{"0":{"start":{"line":1,"column":23},"end":{"line":1,"column":60}},"1":{"start":{"line":3,"column":22},"end":{"line":39,"column":1}},"2":{"start":{"line":4,"column":2},"end":{"line":38,"column":3}},"3":{"start":{"line":5,"column":113},"end":{"line":5,"column":121}},"4":{"start":{"line":7,"column":4},"end":{"line":12,"column":5}},"5":{"start":{"line":8,"column":6},"end":{"line":11,"column":9}},"6":{"start":{"line":14,"column":4},"end":{"line":23,"column":5}},"7":{"start":{"line":15,"column":20},"end":{"line":15,"column":30}},"8":{"start":{"line":17,"column":6},"end":{"line":22,"column":7}},"9":{"start":{"line":18,"column":8},"end":{"line":21,"column":11}},"10":{"start":{"line":25,"column":19},"end":{"line":25,"column":34}},"11":{"start":{"line":27,"column":20},"end":{"line":27,"column":72}},"12":{"start":{"line":29,"column":4},"end":{"line":32,"column":7}},"13":{"start":{"line":34,"column":4},"end":{"line":37,"column":7}},"14":{"start":{"line":41,"column":22},"end":{"line":59,"column":1}},"15":{"start":{"line":42,"column":24},"end":{"line":42,"column":34}},"16":{"start":{"line":43,"column":21},"end":{"line":43,"column":29}},"17":{"start":{"line":45,"column":17},"end":{"line":45,"column":32}},"18":{"start":{"line":47,"column":2},"end":{"line":58,"column":3}},"19":{"start":{"line":48,"column":27},"end":{"line":48,"column":92}},"20":{"start":{"line":49,"column":4},"end":{"line":52,"column":7}},"21":{"start":{"line":54,"column":4},"end":{"line":57,"column":7}},"22":{"start":{"line":61,"column":25},"end":{"line":79,"column":1}},"23":{"start":{"line":62,"column":24},"end":{"line":62,"column":34}},"24":{"start":{"line":63,"column":29},"end":{"line":63,"column":37}},"25":{"start":{"line":65,"column":17},"end":{"line":65,"column":32}},"26":{"start":{"line":67,"column":2},"end":{"line":78,"column":3}},"27":{"start":{"line":68,"column":27},"end":{"line":68,"column":98}},"28":{"start":{"line":69,"column":4},"end":{"line":72,"column":7}},"29":{"start":{"line":74,"column":4},"end":{"line":77,"column":7}},"30":{"start":{"line":81,"column":28},"end":{"line":99,"column":1}},"31":{"start":{"line":82,"column":24},"end":{"line":82,"column":34}},"32":{"start":{"line":83,"column":29},"end":{"line":83,"column":37}},"33":{"start":{"line":85,"column":17},"end":{"line":85,"column":32}},"34":{"start":{"line":87,"column":2},"end":{"line":98,"column":3}},"35":{"start":{"line":88,"column":27},"end":{"line":88,"column":101}},"36":{"start":{"line":89,"column":4},"end":{"line":92,"column":7}},"37":{"start":{"line":94,"column":4},"end":{"line":97,"column":7}},"38":{"start":{"line":101,"column":20},"end":{"line":116,"column":1}},"39":{"start":{"line":102,"column":2},"end":{"line":115,"column":3}},"40":{"start":{"line":103,"column":21},"end":{"line":103,"column":61}},"41":{"start":{"line":105,"column":4},"end":{"line":109,"column":7}},"42":{"start":{"line":111,"column":4},"end":{"line":114,"column":7}},"43":{"start":{"line":118,"column":25},"end":{"line":136,"column":1}},"44":{"start":{"line":119,"column":24},"end":{"line":119,"column":34}},"45":{"start":{"line":120,"column":21},"end":{"line":120,"column":29}},"46":{"start":{"line":122,"column":17},"end":{"line":122,"column":32}},"47":{"start":{"line":124,"column":2},"end":{"line":135,"column":3}},"48":{"start":{"line":125,"column":27},"end":{"line":125,"column":92}},"49":{"start":{"line":126,"column":4},"end":{"line":129,"column":7}},"50":{"start":{"line":131,"column":4},"end":{"line":134,"column":7}},"51":{"start":{"line":138,"column":0},"end":{"line":145,"column":2}}},"fnMap":{"0":{"name":"(anonymous_0)","decl":{"start":{"line":3,"column":22},"end":{"line":3,"column":23}},"loc":{"start":{"line":3,"column":42},"end":{"line":39,"column":1}},"line":3},"1":{"name":"(anonymous_1)","decl":{"start":{"line":41,"column":22},"end":{"line":41,"column":23}},"loc":{"start":{"line":41,"column":42},"end":{"line":59,"column":1}},"line":41},"2":{"name":"(anonymous_2)","decl":{"start":{"line":61,"column":25},"end":{"line":61,"column":26}},"loc":{"start":{"line":61,"column":45},"end":{"line":79,"column":1}},"line":61},"3":{"name":"(anonymous_3)","decl":{"start":{"line":81,"column":28},"end":{"line":81,"column":29}},"loc":{"start":{"line":81,"column":48},"end":{"line":99,"column":1}},"line":81},"4":{"name":"(anonymous_4)","decl":{"start":{"line":101,"column":20},"end":{"line":101,"column":21}},"loc":{"start":{"line":101,"column":40},"end":{"line":116,"column":1}},"line":101},"5":{"name":"(anonymous_5)","decl":{"start":{"line":118,"column":25},"end":{"line":118,"column":26}},"loc":{"start":{"line":118,"column":45},"end":{"line":136,"column":1}},"line":118}},"branchMap":{"0":{"loc":{"start":{"line":7,"column":4},"end":{"line":12,"column":5}},"type":"if","locations":[{"start":{"line":7,"column":4},"end":{"line":12,"column":5}},{"start":{},"end":{}}],"line":7},"1":{"loc":{"start":{"line":14,"column":4},"end":{"line":23,"column":5}},"type":"if","locations":[{"start":{"line":14,"column":4},"end":{"line":23,"column":5}},{"start":{},"end":{}}],"line":14},"2":{"loc":{"start":{"line":17,"column":6},"end":{"line":22,"column":7}},"type":"if","locations":[{"start":{"line":17,"column":6},"end":{"line":22,"column":7}},{"start":{},"end":{}}],"line":17},"3":{"loc":{"start":{"line":17,"column":9},"end":{"line":17,"column":74}},"type":"binary-expr","locations":[{"start":{"line":17,"column":9},"end":{"line":17,"column":35}},{"start":{"line":17,"column":39},"end":{"line":17,"column":74}}],"line":17}},"s":{"0":6,"1":6,"2":0,"3":0,"4":0,"5":0,"6":0,"7":0,"8":0,"9":0,"10":0,"11":0,"12":0,"13":0,"14":6,"15":0,"16":0,"17":0,"18":0,"19":0,"20":0,"21":0,"22":6,"23":0,"24":0,"25":0,"26":0,"27":0,"28":0,"29":0,"30":6,"31":0,"32":0,"33":0,"34":0,"35":0,"36":0,"37":0,"38":6,"39":0,"40":0,"41":0,"42":0,"43":6,"44":0,"45":0,"46":0,"47":0,"48":0,"49":0,"50":0,"51":6},"f":{"0":0,"1":0,"2":0,"3":0,"4":0,"5":0},"b":{"0":[0,0],"1":[0,0],"2":[0,0],"3":[0,0]},"_coverageSchema":"1a1c01bbd47fc00a2c39e90264f33305004495a9","hash":"2d1e150ca4570fab7b431fec6892cf029f4897dd"}
,"C:\\Users\\Gerald\\Desktop\\SMU\\SPM\\IS212-G8T4\\backend\\src\\controllers\\subtaskController.js": {"path":"C:\\Users\\Gerald\\Desktop\\SMU\\SPM\\IS212-G8T4\\backend\\src\\controllers\\subtaskController.js","statementMap":{"0":{"start":{"line":1,"column":23},"end":{"line":1,"column":60}},"1":{"start":{"line":4,"column":19},"end":{"line":14,"column":1}},"2":{"start":{"line":5,"column":2},"end":{"line":13,"column":3}},"3":{"start":{"line":6,"column":20},"end":{"line":6,"column":70}},"4":{"start":{"line":7,"column":4},"end":{"line":10,"column":7}},"5":{"start":{"line":12,"column":4},"end":{"line":12,"column":68}},"6":{"start":{"line":17,"column":32},"end":{"line":27,"column":1}},"7":{"start":{"line":18,"column":2},"end":{"line":26,"column":3}},"8":{"start":{"line":19,"column":21},"end":{"line":19,"column":90}},"9":{"start":{"line":20,"column":4},"end":{"line":23,"column":7}},"10":{"start":{"line":22,"column":32},"end":{"line":22,"column":41}},"11":{"start":{"line":25,"column":4},"end":{"line":25,"column":68}},"12":{"start":{"line":30,"column":22},"end":{"line":44,"column":1}},"13":{"start":{"line":31,"column":2},"end":{"line":43,"column":3}},"14":{"start":{"line":32,"column":20},"end":{"line":36,"column":5}},"15":{"start":{"line":37,"column":4},"end":{"line":40,"column":7}},"16":{"start":{"line":42,"column":4},"end":{"line":42,"column":68}},"17":{"start":{"line":47,"column":22},"end":{"line":61,"column":1}},"18":{"start":{"line":48,"column":2},"end":{"line":60,"column":3}},"19":{"start":{"line":49,"column":20},"end":{"line":53,"column":5}},"20":{"start":{"line":54,"column":4},"end":{"line":57,"column":7}},"21":{"start":{"line":59,"column":4},"end":{"line":59,"column":68}},"22":{"start":{"line":64,"column":28},"end":{"line":78,"column":1}},"23":{"start":{"line":65,"column":2},"end":{"line":77,"column":3}},"24":{"start":{"line":66,"column":20},"end":{"line":70,"column":5}},"25":{"start":{"line":71,"column":4},"end":{"line":74,"column":7}},"26":{"start":{"line":76,"column":4},"end":{"line":76,"column":68}},"27":{"start":{"line":81,"column":22},"end":{"line":94,"column":1}},"28":{"start":{"line":82,"column":2},"end":{"line":93,"column":3}},"29":{"start":{"line":83,"column":20},"end":{"line":86,"column":5}},"30":{"start":{"line":87,"column":4},"end":{"line":90,"column":7}},"31":{"start":{"line":92,"column":4},"end":{"line":92,"column":68}},"32":{"start":{"line":96,"column":0},"end":{"line":103,"column":2}}},"fnMap":{"0":{"name":"(anonymous_0)","decl":{"start":{"line":4,"column":19},"end":{"line":4,"column":20}},"loc":{"start":{"line":4,"column":39},"end":{"line":14,"column":1}},"line":4},"1":{"name":"(anonymous_1)","decl":{"start":{"line":17,"column":32},"end":{"line":17,"column":33}},"loc":{"start":{"line":17,"column":52},"end":{"line":27,"column":1}},"line":17},"2":{"name":"(anonymous_2)","decl":{"start":{"line":22,"column":25},"end":{"line":22,"column":26}},"loc":{"start":{"line":22,"column":32},"end":{"line":22,"column":41}},"line":22},"3":{"name":"(anonymous_3)","decl":{"start":{"line":30,"column":22},"end":{"line":30,"column":23}},"loc":{"start":{"line":30,"column":42},"end":{"line":44,"column":1}},"line":30},"4":{"name":"(anonymous_4)","decl":{"start":{"line":47,"column":22},"end":{"line":47,"column":23}},"loc":{"start":{"line":47,"column":42},"end":{"line":61,"column":1}},"line":47},"5":{"name":"(anonymous_5)","decl":{"start":{"line":64,"column":28},"end":{"line":64,"column":29}},"loc":{"start":{"line":64,"column":48},"end":{"line":78,"column":1}},"line":64},"6":{"name":"(anonymous_6)","decl":{"start":{"line":81,"column":22},"end":{"line":81,"column":23}},"loc":{"start":{"line":81,"column":42},"end":{"line":94,"column":1}},"line":81}},"branchMap":{},"s":{"0":6,"1":6,"2":2,"3":2,"4":1,"5":1,"6":6,"7":2,"8":2,"9":2,"10":2,"11":0,"12":6,"13":7,"14":7,"15":6,"16":1,"17":6,"18":2,"19":2,"20":1,"21":1,"22":6,"23":2,"24":2,"25":1,"26":1,"27":6,"28":2,"29":2,"30":1,"31":1,"32":6},"f":{"0":2,"1":2,"2":2,"3":7,"4":2,"5":2,"6":2},"b":{},"_coverageSchema":"1a1c01bbd47fc00a2c39e90264f33305004495a9","hash":"3fe3c16bee7bf79d13670ad6b93da07b5758c2c1"}
,"C:\\Users\\Gerald\\Desktop\\SMU\\SPM\\IS212-G8T4\\backend\\src\\controllers\\taskController.js": {"path":"C:\\Users\\Gerald\\Desktop\\SMU\\SPM\\IS212-G8T4\\backend\\src\\controllers\\taskController.js","statementMap":{"0":{"start":{"line":1,"column":20},"end":{"line":1,"column":54}},"1":{"start":{"line":6,"column":0},"end":{"line":13,"column":2}},"2":{"start":{"line":7,"column":2},"end":{"line":12,"column":3}},"3":{"start":{"line":8,"column":17},"end":{"line":8,"column":72}},"4":{"start":{"line":9,"column":4},"end":{"line":9,"column":60}},"5":{"start":{"line":11,"column":4},"end":{"line":11,"column":68}},"6":{"start":{"line":16,"column":0},"end":{"line":23,"column":2}},"7":{"start":{"line":17,"column":2},"end":{"line":22,"column":3}},"8":{"start":{"line":18,"column":17},"end":{"line":18,"column":87}},"9":{"start":{"line":19,"column":4},"end":{"line":19,"column":48}},"10":{"start":{"line":21,"column":4},"end":{"line":21,"column":68}},"11":{"start":{"line":26,"column":0},"end":{"line":33,"column":2}},"12":{"start":{"line":27,"column":2},"end":{"line":32,"column":3}},"13":{"start":{"line":28,"column":17},"end":{"line":28,"column":81}},"14":{"start":{"line":29,"column":4},"end":{"line":29,"column":48}},"15":{"start":{"line":31,"column":4},"end":{"line":31,"column":68}},"16":{"start":{"line":36,"column":0},"end":{"line":43,"column":2}},"17":{"start":{"line":37,"column":2},"end":{"line":42,"column":3}},"18":{"start":{"line":38,"column":18},"end":{"line":38,"column":65}},"19":{"start":{"line":39,"column":4},"end":{"line":39,"column":49}},"20":{"start":{"line":41,"column":4},"end":{"line":41,"column":68}},"21":{"start":{"line":46,"column":0},"end":{"line":53,"column":2}},"22":{"start":{"line":47,"column":2},"end":{"line":52,"column":3}},"23":{"start":{"line":48,"column":18},"end":{"line":48,"column":92}},"24":{"start":{"line":49,"column":4},"end":{"line":49,"column":49}},"25":{"start":{"line":51,"column":4},"end":{"line":51,"column":68}},"26":{"start":{"line":56,"column":0},"end":{"line":66,"column":2}},"27":{"start":{"line":57,"column":2},"end":{"line":65,"column":3}},"28":{"start":{"line":58,"column":17},"end":{"line":58,"column":57}},"29":{"start":{"line":59,"column":20},"end":{"line":59,"column":85}},"30":{"start":{"line":60,"column":4},"end":{"line":60,"column":112}},"31":{"start":{"line":60,"column":18},"end":{"line":60,"column":112}},"32":{"start":{"line":62,"column":4},"end":{"line":62,"column":48}},"33":{"start":{"line":64,"column":4},"end":{"line":64,"column":68}},"34":{"start":{"line":69,"column":0},"end":{"line":76,"column":2}},"35":{"start":{"line":70,"column":2},"end":{"line":75,"column":3}},"36":{"start":{"line":71,"column":17},"end":{"line":71,"column":98}},"37":{"start":{"line":72,"column":4},"end":{"line":72,"column":48}},"38":{"start":{"line":74,"column":4},"end":{"line":74,"column":68}},"39":{"start":{"line":79,"column":0},"end":{"line":86,"column":2}},"40":{"start":{"line":80,"column":2},"end":{"line":85,"column":3}},"41":{"start":{"line":81,"column":17},"end":{"line":81,"column":100}},"42":{"start":{"line":82,"column":4},"end":{"line":82,"column":48}},"43":{"start":{"line":84,"column":4},"end":{"line":84,"column":68}}},"fnMap":{"0":{"name":"(anonymous_0)","decl":{"start":{"line":6,"column":21},"end":{"line":6,"column":22}},"loc":{"start":{"line":6,"column":41},"end":{"line":13,"column":1}},"line":6},"1":{"name":"(anonymous_1)","decl":{"start":{"line":16,"column":21},"end":{"line":16,"column":22}},"loc":{"start":{"line":16,"column":41},"end":{"line":23,"column":1}},"line":16},"2":{"name":"(anonymous_2)","decl":{"start":{"line":26,"column":22},"end":{"line":26,"column":23}},"loc":{"start":{"line":26,"column":42},"end":{"line":33,"column":1}},"line":26},"3":{"name":"(anonymous_3)","decl":{"start":{"line":36,"column":23},"end":{"line":36,"column":24}},"loc":{"start":{"line":36,"column":43},"end":{"line":43,"column":1}},"line":36},"4":{"name":"(anonymous_4)","decl":{"start":{"line":46,"column":26},"end":{"line":46,"column":27}},"loc":{"start":{"line":46,"column":46},"end":{"line":53,"column":1}},"line":46},"5":{"name":"(anonymous_5)","decl":{"start":{"line":56,"column":22},"end":{"line":56,"column":23}},"loc":{"start":{"line":56,"column":42},"end":{"line":66,"column":1}},"line":56},"6":{"name":"(anonymous_6)","decl":{"start":{"line":69,"column":21},"end":{"line":69,"column":22}},"loc":{"start":{"line":69,"column":41},"end":{"line":76,"column":1}},"line":69},"7":{"name":"(anonymous_7)","decl":{"start":{"line":79,"column":27},"end":{"line":79,"column":28}},"loc":{"start":{"line":79,"column":47},"end":{"line":86,"column":1}},"line":79}},"branchMap":{"0":{"loc":{"start":{"line":60,"column":4},"end":{"line":60,"column":112}},"type":"if","locations":[{"start":{"line":60,"column":4},"end":{"line":60,"column":112}},{"start":{},"end":{}}],"line":60}},"s":{"0":6,"1":6,"2":6,"3":6,"4":6,"5":0,"6":6,"7":0,"8":0,"9":0,"10":0,"11":6,"12":0,"13":0,"14":0,"15":0,"16":6,"17":0,"18":0,"19":0,"20":0,"21":6,"22":0,"23":0,"24":0,"25":0,"26":6,"27":0,"28":0,"29":0,"30":0,"31":0,"32":0,"33":0,"34":6,"35":0,"36":0,"37":0,"38":0,"39":6,"40":0,"41":0,"42":0,"43":0},"f":{"0":6,"1":0,"2":0,"3":0,"4":0,"5":0,"6":0,"7":0},"b":{"0":[0,0]},"_coverageSchema":"1a1c01bbd47fc00a2c39e90264f33305004495a9","hash":"3901cc11732c6fbe18753eca7a2f2a33d0295771"}
,"C:\\Users\\Gerald\\Desktop\\SMU\\SPM\\IS212-G8T4\\backend\\src\\controllers\\userController.js": {"path":"C:\\Users\\Gerald\\Desktop\\SMU\\SPM\\IS212-G8T4\\backend\\src\\controllers\\userController.js","statementMap":{"0":{"start":{"line":1,"column":20},"end":{"line":1,"column":54}},"1":{"start":{"line":2,"column":13},"end":{"line":2,"column":38}},"2":{"start":{"line":4,"column":19},"end":{"line":31,"column":1}},"3":{"start":{"line":5,"column":2},"end":{"line":30,"column":3}},"4":{"start":{"line":6,"column":17},"end":{"line":6,"column":63}},"5":{"start":{"line":7,"column":4},"end":{"line":12,"column":5}},"6":{"start":{"line":8,"column":6},"end":{"line":11,"column":9}},"7":{"start":{"line":14,"column":4},"end":{"line":24,"column":7}},"8":{"start":{"line":26,"column":4},"end":{"line":29,"column":7}},"9":{"start":{"line":33,"column":23},"end":{"line":79,"column":1}},"10":{"start":{"line":34,"column":2},"end":{"line":78,"column":3}},"11":{"start":{"line":35,"column":24},"end":{"line":35,"column":70}},"12":{"start":{"line":36,"column":4},"end":{"line":41,"column":5}},"13":{"start":{"line":37,"column":6},"end":{"line":40,"column":9}},"14":{"start":{"line":43,"column":17},"end":{"line":43,"column":38}},"15":{"start":{"line":46,"column":4},"end":{"line":51,"column":5}},"16":{"start":{"line":47,"column":6},"end":{"line":50,"column":9}},"17":{"start":{"line":53,"column":16},"end":{"line":53,"column":18}},"18":{"start":{"line":55,"column":4},"end":{"line":67,"column":5}},"19":{"start":{"line":57,"column":23},"end":{"line":57,"column":54}},"20":{"start":{"line":58,"column":6},"end":{"line":58,"column":47}},"21":{"start":{"line":58,"column":32},"end":{"line":58,"column":45}},"22":{"start":{"line":59,"column":11},"end":{"line":67,"column":5}},"23":{"start":{"line":61,"column":6},"end":{"line":61,"column":72}},"24":{"start":{"line":62,"column":6},"end":{"line":62,"column":44}},"25":{"start":{"line":62,"column":29},"end":{"line":62,"column":42}},"26":{"start":{"line":63,"column":11},"end":{"line":67,"column":5}},"27":{"start":{"line":65,"column":6},"end":{"line":65,"column":60}},"28":{"start":{"line":66,"column":6},"end":{"line":66,"column":44}},"29":{"start":{"line":66,"column":29},"end":{"line":66,"column":42}},"30":{"start":{"line":69,"column":4},"end":{"line":72,"column":7}},"31":{"start":{"line":74,"column":4},"end":{"line":77,"column":7}},"32":{"start":{"line":81,"column":29},"end":{"line":114,"column":1}},"33":{"start":{"line":82,"column":2},"end":{"line":113,"column":3}},"34":{"start":{"line":83,"column":24},"end":{"line":83,"column":70}},"35":{"start":{"line":84,"column":4},"end":{"line":89,"column":5}},"36":{"start":{"line":85,"column":6},"end":{"line":88,"column":9}},"37":{"start":{"line":91,"column":17},"end":{"line":91,"column":38}},"38":{"start":{"line":94,"column":4},"end":{"line":99,"column":5}},"39":{"start":{"line":95,"column":6},"end":{"line":98,"column":9}},"40":{"start":{"line":101,"column":25},"end":{"line":101,"column":69}},"41":{"start":{"line":102,"column":18},"end":{"line":102,"column":70}},"42":{"start":{"line":104,"column":4},"end":{"line":107,"column":7}},"43":{"start":{"line":106,"column":27},"end":{"line":106,"column":40}},"44":{"start":{"line":109,"column":4},"end":{"line":112,"column":7}},"45":{"start":{"line":116,"column":0},"end":{"line":120,"column":2}}},"fnMap":{"0":{"name":"(anonymous_0)","decl":{"start":{"line":4,"column":19},"end":{"line":4,"column":20}},"loc":{"start":{"line":4,"column":39},"end":{"line":31,"column":1}},"line":4},"1":{"name":"(anonymous_1)","decl":{"start":{"line":33,"column":23},"end":{"line":33,"column":24}},"loc":{"start":{"line":33,"column":43},"end":{"line":79,"column":1}},"line":33},"2":{"name":"(anonymous_2)","decl":{"start":{"line":58,"column":27},"end":{"line":58,"column":28}},"loc":{"start":{"line":58,"column":32},"end":{"line":58,"column":45}},"line":58},"3":{"name":"(anonymous_3)","decl":{"start":{"line":62,"column":24},"end":{"line":62,"column":25}},"loc":{"start":{"line":62,"column":29},"end":{"line":62,"column":42}},"line":62},"4":{"name":"(anonymous_4)","decl":{"start":{"line":66,"column":24},"end":{"line":66,"column":25}},"loc":{"start":{"line":66,"column":29},"end":{"line":66,"column":42}},"line":66},"5":{"name":"(anonymous_5)","decl":{"start":{"line":81,"column":29},"end":{"line":81,"column":30}},"loc":{"start":{"line":81,"column":49},"end":{"line":114,"column":1}},"line":81},"6":{"name":"(anonymous_6)","decl":{"start":{"line":106,"column":22},"end":{"line":106,"column":23}},"loc":{"start":{"line":106,"column":27},"end":{"line":106,"column":40}},"line":106}},"branchMap":{"0":{"loc":{"start":{"line":7,"column":4},"end":{"line":12,"column":5}},"type":"if","locations":[{"start":{"line":7,"column":4},"end":{"line":12,"column":5}},{"start":{},"end":{}}],"line":7},"1":{"loc":{"start":{"line":36,"column":4},"end":{"line":41,"column":5}},"type":"if","locations":[{"start":{"line":36,"column":4},"end":{"line":41,"column":5}},{"start":{},"end":{}}],"line":36},"2":{"loc":{"start":{"line":46,"column":4},"end":{"line":51,"column":5}},"type":"if","locations":[{"start":{"line":46,"column":4},"end":{"line":51,"column":5}},{"start":{},"end":{}}],"line":46},"3":{"loc":{"start":{"line":55,"column":4},"end":{"line":67,"column":5}},"type":"if","locations":[{"start":{"line":55,"column":4},"end":{"line":67,"column":5}},{"start":{"line":59,"column":11},"end":{"line":67,"column":5}}],"line":55},"4":{"loc":{"start":{"line":59,"column":11},"end":{"line":67,"column":5}},"type":"if","locations":[{"start":{"line":59,"column":11},"end":{"line":67,"column":5}},{"start":{"line":63,"column":11},"end":{"line":67,"column":5}}],"line":59},"5":{"loc":{"start":{"line":63,"column":11},"end":{"line":67,"column":5}},"type":"if","locations":[{"start":{"line":63,"column":11},"end":{"line":67,"column":5}},{"start":{},"end":{}}],"line":63},"6":{"loc":{"start":{"line":84,"column":4},"end":{"line":89,"column":5}},"type":"if","locations":[{"start":{"line":84,"column":4},"end":{"line":89,"column":5}},{"start":{},"end":{}}],"line":84},"7":{"loc":{"start":{"line":94,"column":4},"end":{"line":99,"column":5}},"type":"if","locations":[{"start":{"line":94,"column":4},"end":{"line":99,"column":5}},{"start":{},"end":{}}],"line":94},"8":{"loc":{"start":{"line":94,"column":8},"end":{"line":94,"column":63}},"type":"binary-expr","locations":[{"start":{"line":94,"column":8},"end":{"line":94,"column":37}},{"start":{"line":94,"column":41},"end":{"line":94,"column":63}}],"line":94},"9":{"loc":{"start":{"line":101,"column":25},"end":{"line":101,"column":69}},"type":"binary-expr","locations":[{"start":{"line":101,"column":25},"end":{"line":101,"column":48}},{"start":{"line":101,"column":52},"end":{"line":101,"column":69}}],"line":101}},"s":{"0":6,"1":6,"2":6,"3":0,"4":0,"5":0,"6":0,"7":0,"8":0,"9":6,"10":0,"11":0,"12":0,"13":0,"14":0,"15":0,"16":0,"17":0,"18":0,"19":0,"20":0,"21":0,"22":0,"23":0,"24":0,"25":0,"26":0,"27":0,"28":0,"29":0,"30":0,"31":0,"32":6,"33":0,"34":0,"35":0,"36":0,"37":0,"38":0,"39":0,"40":0,"41":0,"42":0,"43":0,"44":0,"45":6},"f":{"0":0,"1":0,"2":0,"3":0,"4":0,"5":0,"6":0},"b":{"0":[0,0],"1":[0,0],"2":[0,0],"3":[0,0],"4":[0,0],"5":[0,0],"6":[0,0],"7":[0,0],"8":[0,0],"9":[0,0]},"_coverageSchema":"1a1c01bbd47fc00a2c39e90264f33305004495a9","hash":"57f90bcf95b8964a4fe0bfa887d841e63a5d7f7e"}
,"C:\\Users\\Gerald\\Desktop\\SMU\\SPM\\IS212-G8T4\\backend\\src\\db\\seedData.js": {"path":"C:\\Users\\Gerald\\Desktop\\SMU\\SPM\\IS212-G8T4\\backend\\src\\db\\seedData.js","statementMap":{"0":{"start":{"line":1,"column":0},"end":{"line":1,"column":27}},"1":{"start":{"line":2,"column":15},"end":{"line":2,"column":34}},"2":{"start":{"line":3,"column":22},"end":{"line":3,"column":42}},"3":{"start":{"line":4,"column":81},"end":{"line":4,"column":100}},"4":{"start":{"line":6,"column":20},"end":{"line":6,"column":54}},"5":{"start":{"line":7,"column":23},"end":{"line":7,"column":60}},"6":{"start":{"line":8,"column":23},"end":{"line":8,"column":60}},"7":{"start":{"line":10,"column":21},"end":{"line":172,"column":1}},"8":{"start":{"line":12,"column":2},"end":{"line":171,"column":3}},"9":{"start":{"line":13,"column":4},"end":{"line":13,"column":22}},"10":{"start":{"line":14,"column":4},"end":{"line":14,"column":44}},"11":{"start":{"line":17,"column":4},"end":{"line":26,"column":7}},"12":{"start":{"line":29,"column":27},"end":{"line":29,"column":58}},"13":{"start":{"line":32,"column":19},"end":{"line":37,"column":6}},"14":{"start":{"line":39,"column":19},"end":{"line":44,"column":6}},"15":{"start":{"line":47,"column":28},"end":{"line":50,"column":6}},"16":{"start":{"line":52,"column":25},"end":{"line":58,"column":6}},"17":{"start":{"line":60,"column":4},"end":{"line":60,"column":50}},"18":{"start":{"line":61,"column":4},"end":{"line":61,"column":33}},"19":{"start":{"line":64,"column":25},"end":{"line":68,"column":6}},"20":{"start":{"line":70,"column":24},"end":{"line":77,"column":6}},"21":{"start":{"line":79,"column":4},"end":{"line":79,"column":45}},"22":{"start":{"line":80,"column":4},"end":{"line":80,"column":30}},"23":{"start":{"line":82,"column":22},"end":{"line":89,"column":6}},"24":{"start":{"line":92,"column":26},"end":{"line":98,"column":24}},"25":{"start":{"line":100,"column":21},"end":{"line":114,"column":23}},"26":{"start":{"line":116,"column":21},"end":{"line":132,"column":6}},"27":{"start":{"line":134,"column":4},"end":{"line":150,"column":7}},"28":{"start":{"line":152,"column":23},"end":{"line":160,"column":21}},"29":{"start":{"line":162,"column":4},"end":{"line":164,"column":22}},"30":{"start":{"line":166,"column":4},"end":{"line":166,"column":64}},"31":{"start":{"line":167,"column":4},"end":{"line":167,"column":20}},"32":{"start":{"line":169,"column":4},"end":{"line":169,"column":54}},"33":{"start":{"line":170,"column":4},"end":{"line":170,"column":20}},"34":{"start":{"line":174,"column":0},"end":{"line":174,"column":15}}},"fnMap":{"0":{"name":"(anonymous_0)","decl":{"start":{"line":10,"column":21},"end":{"line":10,"column":22}},"loc":{"start":{"line":10,"column":33},"end":{"line":172,"column":1}},"line":10}},"branchMap":{},"s":{"0":0,"1":0,"2":0,"3":0,"4":0,"5":0,"6":0,"7":0,"8":0,"9":0,"10":0,"11":0,"12":0,"13":0,"14":0,"15":0,"16":0,"17":0,"18":0,"19":0,"20":0,"21":0,"22":0,"23":0,"24":0,"25":0,"26":0,"27":0,"28":0,"29":0,"30":0,"31":0,"32":0,"33":0,"34":0},"f":{"0":0},"b":{}}
,"C:\\Users\\Gerald\\Desktop\\SMU\\SPM\\IS212-G8T4\\backend\\src\\db\\models\\ActivityLog.js": {"path":"C:\\Users\\Gerald\\Desktop\\SMU\\SPM\\IS212-G8T4\\backend\\src\\db\\models\\ActivityLog.js","statementMap":{"0":{"start":{"line":1,"column":17},"end":{"line":1,"column":36}},"1":{"start":{"line":3,"column":26},"end":{"line":38,"column":2}},"2":{"start":{"line":41,"column":0},"end":{"line":41,"column":54}},"3":{"start":{"line":42,"column":0},"end":{"line":42,"column":39}},"4":{"start":{"line":44,"column":20},"end":{"line":44,"column":68}},"5":{"start":{"line":46,"column":0},"end":{"line":46,"column":29}}},"fnMap":{},"branchMap":{},"s":{"0":6,"1":6,"2":6,"3":6,"4":6,"5":6},"f":{},"b":{},"_coverageSchema":"1a1c01bbd47fc00a2c39e90264f33305004495a9","hash":"4c42d510b052220a2e7b3e317bbf49dc0448d490"}
,"C:\\Users\\Gerald\\Desktop\\SMU\\SPM\\IS212-G8T4\\backend\\src\\db\\models\\Comment.js": {"path":"C:\\Users\\Gerald\\Desktop\\SMU\\SPM\\IS212-G8T4\\backend\\src\\db\\models\\Comment.js","statementMap":{"0":{"start":{"line":1,"column":17},"end":{"line":1,"column":36}},"1":{"start":{"line":3,"column":22},"end":{"line":26,"column":2}},"2":{"start":{"line":29,"column":0},"end":{"line":29,"column":50}},"3":{"start":{"line":30,"column":0},"end":{"line":30,"column":35}},"4":{"start":{"line":32,"column":16},"end":{"line":32,"column":56}},"5":{"start":{"line":34,"column":0},"end":{"line":34,"column":25}}},"fnMap":{},"branchMap":{},"s":{"0":6,"1":6,"2":6,"3":6,"4":6,"5":6},"f":{},"b":{},"_coverageSchema":"1a1c01bbd47fc00a2c39e90264f33305004495a9","hash":"8ce9ee7f2299a1ccd1fcfe6b3006d1f553dd4f6a"}
,"C:\\Users\\Gerald\\Desktop\\SMU\\SPM\\IS212-G8T4\\backend\\src\\db\\models\\Department.js": {"path":"C:\\Users\\Gerald\\Desktop\\SMU\\SPM\\IS212-G8T4\\backend\\src\\db\\models\\Department.js","statementMap":{"0":{"start":{"line":1,"column":17},"end":{"line":1,"column":36}},"1":{"start":{"line":3,"column":25},"end":{"line":20,"column":2}},"2":{"start":{"line":22,"column":0},"end":{"line":22,"column":36}},"3":{"start":{"line":24,"column":19},"end":{"line":24,"column":65}},"4":{"start":{"line":26,"column":0},"end":{"line":26,"column":28}}},"fnMap":{},"branchMap":{},"s":{"0":6,"1":6,"2":6,"3":6,"4":6},"f":{},"b":{},"_coverageSchema":"1a1c01bbd47fc00a2c39e90264f33305004495a9","hash":"d1d2d047aa3d9832483fde88874a695caa109b60"}
,"C:\\Users\\Gerald\\Desktop\\SMU\\SPM\\IS212-G8T4\\backend\\src\\db\\models\\Project.js": {"path":"C:\\Users\\Gerald\\Desktop\\SMU\\SPM\\IS212-G8T4\\backend\\src\\db\\models\\Project.js","statementMap":{"0":{"start":{"line":1,"column":17},"end":{"line":1,"column":36}},"1":{"start":{"line":3,"column":22},"end":{"line":39,"column":2}},"2":{"start":{"line":42,"column":0},"end":{"line":42,"column":36}},"3":{"start":{"line":43,"column":0},"end":{"line":43,"column":41}},"4":{"start":{"line":44,"column":0},"end":{"line":44,"column":38}},"5":{"start":{"line":45,"column":0},"end":{"line":45,"column":44}},"6":{"start":{"line":46,"column":0},"end":{"line":46,"column":39}},"7":{"start":{"line":48,"column":16},"end":{"line":48,"column":56}},"8":{"start":{"line":50,"column":0},"end":{"line":50,"column":25}}},"fnMap":{},"branchMap":{},"s":{"0":6,"1":6,"2":6,"3":6,"4":6,"5":6,"6":6,"7":6,"8":6},"f":{},"b":{},"_coverageSchema":"1a1c01bbd47fc00a2c39e90264f33305004495a9","hash":"6fd52cf3e0f617148c3e6e8aa29480933baeea0f"}
,"C:\\Users\\Gerald\\Desktop\\SMU\\SPM\\IS212-G8T4\\backend\\src\\db\\models\\Subtask.js": {"path":"C:\\Users\\Gerald\\Desktop\\SMU\\SPM\\IS212-G8T4\\backend\\src\\db\\models\\Subtask.js","statementMap":{"0":{"start":{"line":1,"column":17},"end":{"line":1,"column":36}},"1":{"start":{"line":3,"column":22},"end":{"line":42,"column":2}},"2":{"start":{"line":45,"column":0},"end":{"line":45,"column":41}},"3":{"start":{"line":46,"column":0},"end":{"line":46,"column":39}},"4":{"start":{"line":47,"column":0},"end":{"line":47,"column":35}},"5":{"start":{"line":48,"column":0},"end":{"line":48,"column":36}},"6":{"start":{"line":49,"column":0},"end":{"line":49,"column":38}},"7":{"start":{"line":51,"column":16},"end":{"line":51,"column":56}},"8":{"start":{"line":53,"column":0},"end":{"line":53,"column":25}}},"fnMap":{},"branchMap":{},"s":{"0":6,"1":6,"2":6,"3":6,"4":6,"5":6,"6":6,"7":6,"8":6},"f":{},"b":{},"_coverageSchema":"1a1c01bbd47fc00a2c39e90264f33305004495a9","hash":"055bd5efb6020498c4849fabaf67fb4f098053bb"}
,"C:\\Users\\Gerald\\Desktop\\SMU\\SPM\\IS212-G8T4\\backend\\src\\db\\models\\Task.js": {"path":"C:\\Users\\Gerald\\Desktop\\SMU\\SPM\\IS212-G8T4\\backend\\src\\db\\models\\Task.js","statementMap":{"0":{"start":{"line":1,"column":17},"end":{"line":1,"column":36}},"1":{"start":{"line":3,"column":25},"end":{"line":21,"column":2}},"2":{"start":{"line":23,"column":19},"end":{"line":75,"column":2}},"3":{"start":{"line":78,"column":0},"end":{"line":78,"column":35}},"4":{"start":{"line":79,"column":0},"end":{"line":79,"column":36}},"5":{"start":{"line":80,"column":0},"end":{"line":80,"column":35}},"6":{"start":{"line":81,"column":0},"end":{"line":81,"column":32}},"7":{"start":{"line":82,"column":0},"end":{"line":82,"column":33}},"8":{"start":{"line":83,"column":0},"end":{"line":83,"column":41}},"9":{"start":{"line":84,"column":0},"end":{"line":84,"column":35}},"10":{"start":{"line":86,"column":13},"end":{"line":86,"column":47}},"11":{"start":{"line":88,"column":0},"end":{"line":88,"column":22}}},"fnMap":{},"branchMap":{},"s":{"0":6,"1":6,"2":6,"3":6,"4":6,"5":6,"6":6,"7":6,"8":6,"9":6,"10":6,"11":6},"f":{},"b":{},"_coverageSchema":"1a1c01bbd47fc00a2c39e90264f33305004495a9","hash":"329ef79fbc545ba7750727984626e272b4dfab68"}
,"C:\\Users\\Gerald\\Desktop\\SMU\\SPM\\IS212-G8T4\\backend\\src\\db\\models\\Team.js": {"path":"C:\\Users\\Gerald\\Desktop\\SMU\\SPM\\IS212-G8T4\\backend\\src\\db\\models\\Team.js","statementMap":{"0":{"start":{"line":1,"column":17},"end":{"line":1,"column":36}},"1":{"start":{"line":3,"column":19},"end":{"line":24,"column":2}},"2":{"start":{"line":27,"column":0},"end":{"line":27,"column":65}},"3":{"start":{"line":29,"column":13},"end":{"line":29,"column":47}},"4":{"start":{"line":31,"column":0},"end":{"line":31,"column":22}}},"fnMap":{},"branchMap":{},"s":{"0":6,"1":6,"2":6,"3":6,"4":6},"f":{},"b":{},"_coverageSchema":"1a1c01bbd47fc00a2c39e90264f33305004495a9","hash":"f8810637c9b25da43c644fa677281d308678895c"}
,"C:\\Users\\Gerald\\Desktop\\SMU\\SPM\\IS212-G8T4\\backend\\src\\db\\models\\User.js": {"path":"C:\\Users\\Gerald\\Desktop\\SMU\\SPM\\IS212-G8T4\\backend\\src\\db\\models\\User.js","statementMap":{"0":{"start":{"line":1,"column":17},"end":{"line":1,"column":36}},"1":{"start":{"line":3,"column":19},"end":{"line":71,"column":2}},"2":{"start":{"line":17,"column":8},"end":{"line":17,"column":69}},"3":{"start":{"line":19,"column":24},"end":{"line":19,"column":62}},"4":{"start":{"line":34,"column":8},"end":{"line":34,"column":75}},"5":{"start":{"line":36,"column":24},"end":{"line":36,"column":131}},"6":{"start":{"line":44,"column":6},"end":{"line":44,"column":54}},"7":{"start":{"line":52,"column":6},"end":{"line":52,"column":47}},"8":{"start":{"line":67,"column":6},"end":{"line":67,"column":30}},"9":{"start":{"line":68,"column":6},"end":{"line":68,"column":17}},"10":{"start":{"line":74,"column":0},"end":{"line":74,"column":31}},"11":{"start":{"line":76,"column":13},"end":{"line":76,"column":47}},"12":{"start":{"line":78,"column":0},"end":{"line":78,"column":22}}},"fnMap":{"0":{"name":"(anonymous_0)","decl":{"start":{"line":16,"column":17},"end":{"line":16,"column":18}},"loc":{"start":{"line":16,"column":29},"end":{"line":18,"column":7}},"line":16},"1":{"name":"(anonymous_1)","decl":{"start":{"line":19,"column":15},"end":{"line":19,"column":16}},"loc":{"start":{"line":19,"column":24},"end":{"line":19,"column":62}},"line":19},"2":{"name":"(anonymous_2)","decl":{"start":{"line":32,"column":17},"end":{"line":32,"column":18}},"loc":{"start":{"line":32,"column":32},"end":{"line":35,"column":7}},"line":32},"3":{"name":"(anonymous_3)","decl":{"start":{"line":36,"column":15},"end":{"line":36,"column":16}},"loc":{"start":{"line":36,"column":24},"end":{"line":36,"column":131}},"line":36},"4":{"name":"(anonymous_4)","decl":{"start":{"line":42,"column":14},"end":{"line":42,"column":15}},"loc":{"start":{"line":42,"column":25},"end":{"line":45,"column":5}},"line":42},"5":{"name":"(anonymous_5)","decl":{"start":{"line":50,"column":14},"end":{"line":50,"column":15}},"loc":{"start":{"line":50,"column":25},"end":{"line":53,"column":5}},"line":50},"6":{"name":"(anonymous_6)","decl":{"start":{"line":66,"column":15},"end":{"line":66,"column":16}},"loc":{"start":{"line":66,"column":34},"end":{"line":69,"column":5}},"line":66}},"branchMap":{},"s":{"0":6,"1":6,"2":0,"3":0,"4":0,"5":0,"6":0,"7":0,"8":0,"9":0,"10":6,"11":6,"12":6},"f":{"0":0,"1":0,"2":0,"3":0,"4":0,"5":0,"6":0},"b":{},"_coverageSchema":"1a1c01bbd47fc00a2c39e90264f33305004495a9","hash":"4879a7ccdae112b7bed0ae62163eff43bf69a497"}
,"C:\\Users\\Gerald\\Desktop\\SMU\\SPM\\IS212-G8T4\\backend\\src\\db\\models\\index.js": {"path":"C:\\Users\\Gerald\\Desktop\\SMU\\SPM\\IS212-G8T4\\backend\\src\\db\\models\\index.js","statementMap":{"0":{"start":{"line":1,"column":13},"end":{"line":1,"column":30}},"1":{"start":{"line":2,"column":13},"end":{"line":2,"column":30}},"2":{"start":{"line":3,"column":16},"end":{"line":3,"column":36}},"3":{"start":{"line":4,"column":16},"end":{"line":4,"column":36}},"4":{"start":{"line":5,"column":16},"end":{"line":5,"column":36}},"5":{"start":{"line":6,"column":20},"end":{"line":6,"column":44}},"6":{"start":{"line":7,"column":19},"end":{"line":7,"column":42}},"7":{"start":{"line":8,"column":13},"end":{"line":8,"column":30}},"8":{"start":{"line":10,"column":0},"end":{"line":19,"column":2}}},"fnMap":{},"branchMap":{},"s":{"0":6,"1":6,"2":6,"3":6,"4":6,"5":6,"6":6,"7":6,"8":6},"f":{},"b":{},"_coverageSchema":"1a1c01bbd47fc00a2c39e90264f33305004495a9","hash":"f4bcc20ba24c9b7cc8352b68071bedad06e52bac"}
,"C:\\Users\\Gerald\\Desktop\\SMU\\SPM\\IS212-G8T4\\backend\\src\\db\\seed\\config.js": {"path":"C:\\Users\\Gerald\\Desktop\\SMU\\SPM\\IS212-G8T4\\backend\\src\\db\\seed\\config.js","statementMap":{"0":{"start":{"line":1,"column":14},"end":{"line":4,"column":1}},"1":{"start":{"line":2,"column":12},"end":{"line":2,"column":35}},"2":{"start":{"line":3,"column":2},"end":{"line":3,"column":46}},"3":{"start":{"line":6,"column":20},"end":{"line":15,"column":1}},"4":{"start":{"line":17,"column":0},"end":{"line":17,"column":33}}},"fnMap":{"0":{"name":"(anonymous_0)","decl":{"start":{"line":1,"column":14},"end":{"line":1,"column":15}},"loc":{"start":{"line":1,"column":24},"end":{"line":4,"column":1}},"line":1}},"branchMap":{"0":{"loc":{"start":{"line":3,"column":9},"end":{"line":3,"column":45}},"type":"cond-expr","locations":[{"start":{"line":3,"column":40},"end":{"line":3,"column":41}},{"start":{"line":3,"column":44},"end":{"line":3,"column":45}}],"line":3},"1":{"loc":{"start":{"line":3,"column":9},"end":{"line":3,"column":37}},"type":"binary-expr","locations":[{"start":{"line":3,"column":9},"end":{"line":3,"column":27}},{"start":{"line":3,"column":31},"end":{"line":3,"column":37}}],"line":3}},"s":{"0":0,"1":0,"2":0,"3":0,"4":0},"f":{"0":0},"b":{"0":[0,0],"1":[0,0]}}
,"C:\\Users\\Gerald\\Desktop\\SMU\\SPM\\IS212-G8T4\\backend\\src\\db\\seed\\index.js": {"path":"C:\\Users\\Gerald\\Desktop\\SMU\\SPM\\IS212-G8T4\\backend\\src\\db\\seed\\index.js","statementMap":{"0":{"start":{"line":2,"column":0},"end":{"line":2,"column":27}},"1":{"start":{"line":4,"column":36},"end":{"line":4,"column":57}},"2":{"start":{"line":5,"column":18},"end":{"line":5,"column":44}},"3":{"start":{"line":6,"column":24},"end":{"line":6,"column":56}},"4":{"start":{"line":7,"column":18},"end":{"line":7,"column":44}},"5":{"start":{"line":8,"column":21},"end":{"line":8,"column":50}},"6":{"start":{"line":9,"column":18},"end":{"line":9,"column":44}},"7":{"start":{"line":10,"column":21},"end":{"line":10,"column":50}},"8":{"start":{"line":11,"column":21},"end":{"line":11,"column":50}},"9":{"start":{"line":12,"column":25},"end":{"line":12,"column":58}},"10":{"start":{"line":13,"column":24},"end":{"line":13,"column":43}},"11":{"start":{"line":15,"column":0},"end":{"line":55,"column":5}},"12":{"start":{"line":16,"column":16},"end":{"line":16,"column":26}},"13":{"start":{"line":17,"column":16},"end":{"line":17,"column":48}},"14":{"start":{"line":18,"column":2},"end":{"line":21,"column":3}},"15":{"start":{"line":19,"column":4},"end":{"line":19,"column":70}},"16":{"start":{"line":20,"column":4},"end":{"line":20,"column":20}},"17":{"start":{"line":23,"column":2},"end":{"line":23,"column":20}},"18":{"start":{"line":25,"column":2},"end":{"line":54,"column":3}},"19":{"start":{"line":26,"column":24},"end":{"line":26,"column":70}},"20":{"start":{"line":27,"column":18},"end":{"line":27,"column":69}},"21":{"start":{"line":28,"column":18},"end":{"line":28,"column":76}},"22":{"start":{"line":29,"column":21},"end":{"line":29,"column":92}},"23":{"start":{"line":30,"column":18},"end":{"line":30,"column":73}},"24":{"start":{"line":31,"column":21},"end":{"line":31,"column":72}},"25":{"start":{"line":32,"column":21},"end":{"line":32,"column":79}},"26":{"start":{"line":33,"column":4},"end":{"line":33,"column":81}},"27":{"start":{"line":35,"column":20},"end":{"line":35,"column":60}},"28":{"start":{"line":36,"column":4},"end":{"line":48,"column":7}},"29":{"start":{"line":50,"column":4},"end":{"line":50,"column":41}},"30":{"start":{"line":51,"column":4},"end":{"line":51,"column":25}},"31":{"start":{"line":53,"column":4},"end":{"line":53,"column":25}}},"fnMap":{"0":{"name":"(anonymous_0)","decl":{"start":{"line":15,"column":1},"end":{"line":15,"column":2}},"loc":{"start":{"line":15,"column":13},"end":{"line":55,"column":1}},"line":15}},"branchMap":{"0":{"loc":{"start":{"line":18,"column":2},"end":{"line":21,"column":3}},"type":"if","locations":[{"start":{"line":18,"column":2},"end":{"line":21,"column":3}},{"start":{},"end":{}}],"line":18},"1":{"loc":{"start":{"line":18,"column":6},"end":{"line":18,"column":53}},"type":"binary-expr","locations":[{"start":{"line":18,"column":6},"end":{"line":18,"column":43}},{"start":{"line":18,"column":47},"end":{"line":18,"column":53}}],"line":18}},"s":{"0":0,"1":0,"2":0,"3":0,"4":0,"5":0,"6":0,"7":0,"8":0,"9":0,"10":0,"11":0,"12":0,"13":0,"14":0,"15":0,"16":0,"17":0,"18":0,"19":0,"20":0,"21":0,"22":0,"23":0,"24":0,"25":0,"26":0,"27":0,"28":0,"29":0,"30":0,"31":0},"f":{"0":0},"b":{"0":[0,0],"1":[0,0]}}
,"C:\\Users\\Gerald\\Desktop\\SMU\\SPM\\IS212-G8T4\\backend\\src\\db\\seed\\seeders\\activityLogs.js": {"path":"C:\\Users\\Gerald\\Desktop\\SMU\\SPM\\IS212-G8T4\\backend\\src\\db\\seed\\seeders\\activityLogs.js","statementMap":{"0":{"start":{"line":1,"column":20},"end":{"line":1,"column":55}},"1":{"start":{"line":3,"column":0},"end":{"line":31,"column":2}},"2":{"start":{"line":4,"column":2},"end":{"line":4,"column":35}},"3":{"start":{"line":5,"column":16},"end":{"line":5,"column":63}},"4":{"start":{"line":5,"column":32},"end":{"line":5,"column":50}},"5":{"start":{"line":6,"column":18},"end":{"line":6,"column":79}},"6":{"start":{"line":6,"column":34},"end":{"line":6,"column":54}},"7":{"start":{"line":7,"column":19},"end":{"line":7,"column":80}},"8":{"start":{"line":7,"column":35},"end":{"line":7,"column":67}},"9":{"start":{"line":9,"column":15},"end":{"line":28,"column":3}},"10":{"start":{"line":29,"column":2},"end":{"line":29,"column":56}},"11":{"start":{"line":30,"column":2},"end":{"line":30,"column":14}}},"fnMap":{"0":{"name":"seedActivityLogs","decl":{"start":{"line":3,"column":32},"end":{"line":3,"column":48}},"loc":{"start":{"line":3,"column":75},"end":{"line":31,"column":1}},"line":3},"1":{"name":"(anonymous_1)","decl":{"start":{"line":5,"column":27},"end":{"line":5,"column":28}},"loc":{"start":{"line":5,"column":32},"end":{"line":5,"column":50}},"line":5},"2":{"name":"(anonymous_2)","decl":{"start":{"line":6,"column":29},"end":{"line":6,"column":30}},"loc":{"start":{"line":6,"column":34},"end":{"line":6,"column":54}},"line":6},"3":{"name":"(anonymous_3)","decl":{"start":{"line":7,"column":30},"end":{"line":7,"column":31}},"loc":{"start":{"line":7,"column":35},"end":{"line":7,"column":67}},"line":7}},"branchMap":{"0":{"loc":{"start":{"line":5,"column":16},"end":{"line":5,"column":63}},"type":"binary-expr","locations":[{"start":{"line":5,"column":16},"end":{"line":5,"column":51}},{"start":{"line":5,"column":55},"end":{"line":5,"column":63}}],"line":5},"1":{"loc":{"start":{"line":6,"column":18},"end":{"line":6,"column":79}},"type":"binary-expr","locations":[{"start":{"line":6,"column":18},"end":{"line":6,"column":55}},{"start":{"line":6,"column":59},"end":{"line":6,"column":67}},{"start":{"line":6,"column":71},"end":{"line":6,"column":79}}],"line":6},"2":{"loc":{"start":{"line":7,"column":19},"end":{"line":7,"column":80}},"type":"binary-expr","locations":[{"start":{"line":7,"column":19},"end":{"line":7,"column":68}},{"start":{"line":7,"column":72},"end":{"line":7,"column":80}}],"line":7}},"s":{"0":0,"1":0,"2":0,"3":0,"4":0,"5":0,"6":0,"7":0,"8":0,"9":0,"10":0,"11":0},"f":{"0":0,"1":0,"2":0,"3":0},"b":{"0":[0,0],"1":[0,0,0],"2":[0,0]}}
,"C:\\Users\\Gerald\\Desktop\\SMU\\SPM\\IS212-G8T4\\backend\\src\\db\\seed\\seeders\\comments.js": {"path":"C:\\Users\\Gerald\\Desktop\\SMU\\SPM\\IS212-G8T4\\backend\\src\\db\\seed\\seeders\\comments.js","statementMap":{"0":{"start":{"line":1,"column":16},"end":{"line":1,"column":47}},"1":{"start":{"line":3,"column":0},"end":{"line":23,"column":2}},"2":{"start":{"line":4,"column":2},"end":{"line":4,"column":31}},"3":{"start":{"line":5,"column":16},"end":{"line":5,"column":63}},"4":{"start":{"line":5,"column":32},"end":{"line":5,"column":50}},"5":{"start":{"line":6,"column":18},"end":{"line":6,"column":79}},"6":{"start":{"line":6,"column":34},"end":{"line":6,"column":54}},"7":{"start":{"line":7,"column":19},"end":{"line":7,"column":80}},"8":{"start":{"line":7,"column":35},"end":{"line":7,"column":67}},"9":{"start":{"line":9,"column":15},"end":{"line":20,"column":3}},"10":{"start":{"line":21,"column":19},"end":{"line":21,"column":68}},"11":{"start":{"line":22,"column":2},"end":{"line":22,"column":43}},"12":{"start":{"line":22,"column":29},"end":{"line":22,"column":41}}},"fnMap":{"0":{"name":"seedComments","decl":{"start":{"line":3,"column":32},"end":{"line":3,"column":44}},"loc":{"start":{"line":3,"column":71},"end":{"line":23,"column":1}},"line":3},"1":{"name":"(anonymous_1)","decl":{"start":{"line":5,"column":27},"end":{"line":5,"column":28}},"loc":{"start":{"line":5,"column":32},"end":{"line":5,"column":50}},"line":5},"2":{"name":"(anonymous_2)","decl":{"start":{"line":6,"column":29},"end":{"line":6,"column":30}},"loc":{"start":{"line":6,"column":34},"end":{"line":6,"column":54}},"line":6},"3":{"name":"(anonymous_3)","decl":{"start":{"line":7,"column":30},"end":{"line":7,"column":31}},"loc":{"start":{"line":7,"column":35},"end":{"line":7,"column":67}},"line":7},"4":{"name":"(anonymous_4)","decl":{"start":{"line":22,"column":22},"end":{"line":22,"column":23}},"loc":{"start":{"line":22,"column":29},"end":{"line":22,"column":41}},"line":22}},"branchMap":{"0":{"loc":{"start":{"line":5,"column":16},"end":{"line":5,"column":63}},"type":"binary-expr","locations":[{"start":{"line":5,"column":16},"end":{"line":5,"column":51}},{"start":{"line":5,"column":55},"end":{"line":5,"column":63}}],"line":5},"1":{"loc":{"start":{"line":6,"column":18},"end":{"line":6,"column":79}},"type":"binary-expr","locations":[{"start":{"line":6,"column":18},"end":{"line":6,"column":55}},{"start":{"line":6,"column":59},"end":{"line":6,"column":67}},{"start":{"line":6,"column":71},"end":{"line":6,"column":79}}],"line":6},"2":{"loc":{"start":{"line":7,"column":19},"end":{"line":7,"column":80}},"type":"binary-expr","locations":[{"start":{"line":7,"column":19},"end":{"line":7,"column":68}},{"start":{"line":7,"column":72},"end":{"line":7,"column":80}}],"line":7}},"s":{"0":0,"1":0,"2":0,"3":0,"4":0,"5":0,"6":0,"7":0,"8":0,"9":0,"10":0,"11":0,"12":0},"f":{"0":0,"1":0,"2":0,"3":0,"4":0},"b":{"0":[0,0],"1":[0,0,0],"2":[0,0]}}
,"C:\\Users\\Gerald\\Desktop\\SMU\\SPM\\IS212-G8T4\\backend\\src\\db\\seed\\seeders\\departments.js": {"path":"C:\\Users\\Gerald\\Desktop\\SMU\\SPM\\IS212-G8T4\\backend\\src\\db\\seed\\seeders\\departments.js","statementMap":{"0":{"start":{"line":1,"column":19},"end":{"line":1,"column":53}},"1":{"start":{"line":3,"column":0},"end":{"line":17,"column":2}},"2":{"start":{"line":4,"column":2},"end":{"line":4,"column":34}},"3":{"start":{"line":5,"column":15},"end":{"line":14,"column":3}},"4":{"start":{"line":15,"column":19},"end":{"line":15,"column":71}},"5":{"start":{"line":16,"column":2},"end":{"line":16,"column":43}},"6":{"start":{"line":16,"column":29},"end":{"line":16,"column":41}}},"fnMap":{"0":{"name":"seedDepartments","decl":{"start":{"line":3,"column":32},"end":{"line":3,"column":47}},"loc":{"start":{"line":3,"column":56},"end":{"line":17,"column":1}},"line":3},"1":{"name":"(anonymous_1)","decl":{"start":{"line":16,"column":22},"end":{"line":16,"column":23}},"loc":{"start":{"line":16,"column":29},"end":{"line":16,"column":41}},"line":16}},"branchMap":{},"s":{"0":0,"1":0,"2":0,"3":0,"4":0,"5":0,"6":0},"f":{"0":0,"1":0},"b":{}}
,"C:\\Users\\Gerald\\Desktop\\SMU\\SPM\\IS212-G8T4\\backend\\src\\db\\seed\\seeders\\projects.js": {"path":"C:\\Users\\Gerald\\Desktop\\SMU\\SPM\\IS212-G8T4\\backend\\src\\db\\seed\\seeders\\projects.js","statementMap":{"0":{"start":{"line":1,"column":16},"end":{"line":1,"column":47}},"1":{"start":{"line":3,"column":0},"end":{"line":47,"column":2}},"2":{"start":{"line":4,"column":2},"end":{"line":4,"column":31}},"3":{"start":{"line":5,"column":18},"end":{"line":5,"column":67}},"4":{"start":{"line":5,"column":34},"end":{"line":5,"column":54}},"5":{"start":{"line":6,"column":16},"end":{"line":6,"column":75}},"6":{"start":{"line":6,"column":32},"end":{"line":6,"column":50}},"7":{"start":{"line":7,"column":18},"end":{"line":7,"column":83}},"8":{"start":{"line":7,"column":40},"end":{"line":7,"column":64}},"9":{"start":{"line":8,"column":20},"end":{"line":8,"column":75}},"10":{"start":{"line":8,"column":36},"end":{"line":8,"column":62}},"11":{"start":{"line":9,"column":23},"end":{"line":9,"column":90}},"12":{"start":{"line":9,"column":39},"end":{"line":9,"column":65}},"13":{"start":{"line":11,"column":15},"end":{"line":44,"column":3}},"14":{"start":{"line":45,"column":19},"end":{"line":45,"column":68}},"15":{"start":{"line":46,"column":2},"end":{"line":46,"column":43}},"16":{"start":{"line":46,"column":29},"end":{"line":46,"column":41}}},"fnMap":{"0":{"name":"seedProjects","decl":{"start":{"line":3,"column":32},"end":{"line":3,"column":44}},"loc":{"start":{"line":3,"column":84},"end":{"line":47,"column":1}},"line":3},"1":{"name":"(anonymous_1)","decl":{"start":{"line":5,"column":29},"end":{"line":5,"column":30}},"loc":{"start":{"line":5,"column":34},"end":{"line":5,"column":54}},"line":5},"2":{"name":"(anonymous_2)","decl":{"start":{"line":6,"column":27},"end":{"line":6,"column":28}},"loc":{"start":{"line":6,"column":32},"end":{"line":6,"column":50}},"line":6},"3":{"name":"(anonymous_3)","decl":{"start":{"line":7,"column":35},"end":{"line":7,"column":36}},"loc":{"start":{"line":7,"column":40},"end":{"line":7,"column":64}},"line":7},"4":{"name":"(anonymous_4)","decl":{"start":{"line":8,"column":31},"end":{"line":8,"column":32}},"loc":{"start":{"line":8,"column":36},"end":{"line":8,"column":62}},"line":8},"5":{"name":"(anonymous_5)","decl":{"start":{"line":9,"column":34},"end":{"line":9,"column":35}},"loc":{"start":{"line":9,"column":39},"end":{"line":9,"column":65}},"line":9},"6":{"name":"(anonymous_6)","decl":{"start":{"line":46,"column":22},"end":{"line":46,"column":23}},"loc":{"start":{"line":46,"column":29},"end":{"line":46,"column":41}},"line":46}},"branchMap":{"0":{"loc":{"start":{"line":5,"column":18},"end":{"line":5,"column":67}},"type":"binary-expr","locations":[{"start":{"line":5,"column":18},"end":{"line":5,"column":55}},{"start":{"line":5,"column":59},"end":{"line":5,"column":67}}],"line":5},"1":{"loc":{"start":{"line":6,"column":16},"end":{"line":6,"column":75}},"type":"binary-expr","locations":[{"start":{"line":6,"column":16},"end":{"line":6,"column":51}},{"start":{"line":6,"column":55},"end":{"line":6,"column":63}},{"start":{"line":6,"column":67},"end":{"line":6,"column":75}}],"line":6},"2":{"loc":{"start":{"line":7,"column":18},"end":{"line":7,"column":83}},"type":"binary-expr","locations":[{"start":{"line":7,"column":18},"end":{"line":7,"column":65}},{"start":{"line":7,"column":69},"end":{"line":7,"column":83}}],"line":7},"3":{"loc":{"start":{"line":8,"column":20},"end":{"line":8,"column":75}},"type":"binary-expr","locations":[{"start":{"line":8,"column":20},"end":{"line":8,"column":63}},{"start":{"line":8,"column":67},"end":{"line":8,"column":75}}],"line":8},"4":{"loc":{"start":{"line":9,"column":23},"end":{"line":9,"column":90}},"type":"binary-expr","locations":[{"start":{"line":9,"column":23},"end":{"line":9,"column":66}},{"start":{"line":9,"column":70},"end":{"line":9,"column":78}},{"start":{"line":9,"column":82},"end":{"line":9,"column":90}}],"line":9}},"s":{"0":0,"1":0,"2":0,"3":0,"4":0,"5":0,"6":0,"7":0,"8":0,"9":0,"10":0,"11":0,"12":0,"13":0,"14":0,"15":0,"16":0},"f":{"0":0,"1":0,"2":0,"3":0,"4":0,"5":0,"6":0},"b":{"0":[0,0],"1":[0,0,0],"2":[0,0],"3":[0,0],"4":[0,0,0]}}
,"C:\\Users\\Gerald\\Desktop\\SMU\\SPM\\IS212-G8T4\\backend\\src\\db\\seed\\seeders\\subtasks.js": {"path":"C:\\Users\\Gerald\\Desktop\\SMU\\SPM\\IS212-G8T4\\backend\\src\\db\\seed\\seeders\\subtasks.js","statementMap":{"0":{"start":{"line":1,"column":16},"end":{"line":1,"column":47}},"1":{"start":{"line":3,"column":0},"end":{"line":40,"column":2}},"2":{"start":{"line":4,"column":2},"end":{"line":4,"column":31}},"3":{"start":{"line":5,"column":19},"end":{"line":5,"column":80}},"4":{"start":{"line":5,"column":35},"end":{"line":5,"column":67}},"5":{"start":{"line":6,"column":21},"end":{"line":6,"column":95}},"6":{"start":{"line":6,"column":37},"end":{"line":6,"column":70}},"7":{"start":{"line":8,"column":15},"end":{"line":37,"column":3}},"8":{"start":{"line":38,"column":19},"end":{"line":38,"column":68}},"9":{"start":{"line":39,"column":2},"end":{"line":39,"column":43}},"10":{"start":{"line":39,"column":29},"end":{"line":39,"column":41}}},"fnMap":{"0":{"name":"seedSubtasks","decl":{"start":{"line":3,"column":32},"end":{"line":3,"column":44}},"loc":{"start":{"line":3,"column":64},"end":{"line":40,"column":1}},"line":3},"1":{"name":"(anonymous_1)","decl":{"start":{"line":5,"column":30},"end":{"line":5,"column":31}},"loc":{"start":{"line":5,"column":35},"end":{"line":5,"column":67}},"line":5},"2":{"name":"(anonymous_2)","decl":{"start":{"line":6,"column":32},"end":{"line":6,"column":33}},"loc":{"start":{"line":6,"column":37},"end":{"line":6,"column":70}},"line":6},"3":{"name":"(anonymous_3)","decl":{"start":{"line":39,"column":22},"end":{"line":39,"column":23}},"loc":{"start":{"line":39,"column":29},"end":{"line":39,"column":41}},"line":39}},"branchMap":{"0":{"loc":{"start":{"line":5,"column":19},"end":{"line":5,"column":80}},"type":"binary-expr","locations":[{"start":{"line":5,"column":19},"end":{"line":5,"column":68}},{"start":{"line":5,"column":72},"end":{"line":5,"column":80}}],"line":5},"1":{"loc":{"start":{"line":6,"column":21},"end":{"line":6,"column":95}},"type":"binary-expr","locations":[{"start":{"line":6,"column":21},"end":{"line":6,"column":71}},{"start":{"line":6,"column":75},"end":{"line":6,"column":83}},{"start":{"line":6,"column":87},"end":{"line":6,"column":95}}],"line":6},"2":{"loc":{"start":{"line":35,"column":21},"end":{"line":35,"column":69}},"type":"cond-expr","locations":[{"start":{"line":35,"column":43},"end":{"line":35,"column":64}},{"start":{"line":35,"column":67},"end":{"line":35,"column":69}}],"line":35}},"s":{"0":0,"1":0,"2":0,"3":0,"4":0,"5":0,"6":0,"7":0,"8":0,"9":0,"10":0},"f":{"0":0,"1":0,"2":0,"3":0},"b":{"0":[0,0],"1":[0,0,0],"2":[0,0]}}
,"C:\\Users\\Gerald\\Desktop\\SMU\\SPM\\IS212-G8T4\\backend\\src\\db\\seed\\seeders\\tasks.js": {"path":"C:\\Users\\Gerald\\Desktop\\SMU\\SPM\\IS212-G8T4\\backend\\src\\db\\seed\\seeders\\tasks.js","statementMap":{"0":{"start":{"line":1,"column":13},"end":{"line":1,"column":41}},"1":{"start":{"line":3,"column":0},"end":{"line":113,"column":2}},"2":{"start":{"line":4,"column":2},"end":{"line":4,"column":28}},"3":{"start":{"line":6,"column":16},"end":{"line":6,"column":63}},"4":{"start":{"line":6,"column":32},"end":{"line":6,"column":50}},"5":{"start":{"line":7,"column":18},"end":{"line":7,"column":64}},"6":{"start":{"line":7,"column":34},"end":{"line":7,"column":54}},"7":{"start":{"line":8,"column":19},"end":{"line":8,"column":68}},"8":{"start":{"line":8,"column":35},"end":{"line":8,"column":56}},"9":{"start":{"line":9,"column":13},"end":{"line":9,"column":57}},"10":{"start":{"line":9,"column":29},"end":{"line":9,"column":44}},"11":{"start":{"line":10,"column":13},"end":{"line":10,"column":51}},"12":{"start":{"line":10,"column":29},"end":{"line":10,"column":44}},"13":{"start":{"line":12,"column":25},"end":{"line":12,"column":87}},"14":{"start":{"line":12,"column":44},"end":{"line":12,"column":71}},"15":{"start":{"line":13,"column":26},"end":{"line":13,"column":109}},"16":{"start":{"line":13,"column":45},"end":{"line":13,"column":78}},"17":{"start":{"line":15,"column":14},"end":{"line":15,"column":24}},"18":{"start":{"line":16,"column":14},"end":{"line":16,"column":33}},"19":{"start":{"line":18,"column":15},"end":{"line":110,"column":3}},"20":{"start":{"line":111,"column":19},"end":{"line":111,"column":65}},"21":{"start":{"line":112,"column":2},"end":{"line":112,"column":43}},"22":{"start":{"line":112,"column":29},"end":{"line":112,"column":41}}},"fnMap":{"0":{"name":"seedTasks","decl":{"start":{"line":3,"column":32},"end":{"line":3,"column":41}},"loc":{"start":{"line":3,"column":71},"end":{"line":113,"column":1}},"line":3},"1":{"name":"(anonymous_1)","decl":{"start":{"line":6,"column":27},"end":{"line":6,"column":28}},"loc":{"start":{"line":6,"column":32},"end":{"line":6,"column":50}},"line":6},"2":{"name":"(anonymous_2)","decl":{"start":{"line":7,"column":29},"end":{"line":7,"column":30}},"loc":{"start":{"line":7,"column":34},"end":{"line":7,"column":54}},"line":7},"3":{"name":"(anonymous_3)","decl":{"start":{"line":8,"column":30},"end":{"line":8,"column":31}},"loc":{"start":{"line":8,"column":35},"end":{"line":8,"column":56}},"line":8},"4":{"name":"(anonymous_4)","decl":{"start":{"line":9,"column":24},"end":{"line":9,"column":25}},"loc":{"start":{"line":9,"column":29},"end":{"line":9,"column":44}},"line":9},"5":{"name":"(anonymous_5)","decl":{"start":{"line":10,"column":24},"end":{"line":10,"column":25}},"loc":{"start":{"line":10,"column":29},"end":{"line":10,"column":44}},"line":10},"6":{"name":"(anonymous_6)","decl":{"start":{"line":12,"column":39},"end":{"line":12,"column":40}},"loc":{"start":{"line":12,"column":44},"end":{"line":12,"column":71}},"line":12},"7":{"name":"(anonymous_7)","decl":{"start":{"line":13,"column":40},"end":{"line":13,"column":41}},"loc":{"start":{"line":13,"column":45},"end":{"line":13,"column":78}},"line":13},"8":{"name":"(anonymous_8)","decl":{"start":{"line":112,"column":22},"end":{"line":112,"column":23}},"loc":{"start":{"line":112,"column":29},"end":{"line":112,"column":41}},"line":112}},"branchMap":{"0":{"loc":{"start":{"line":6,"column":16},"end":{"line":6,"column":63}},"type":"binary-expr","locations":[{"start":{"line":6,"column":16},"end":{"line":6,"column":51}},{"start":{"line":6,"column":55},"end":{"line":6,"column":63}}],"line":6},"1":{"loc":{"start":{"line":7,"column":18},"end":{"line":7,"column":64}},"type":"binary-expr","locations":[{"start":{"line":7,"column":18},"end":{"line":7,"column":55}},{"start":{"line":7,"column":59},"end":{"line":7,"column":64}}],"line":7},"2":{"loc":{"start":{"line":8,"column":19},"end":{"line":8,"column":68}},"type":"binary-expr","locations":[{"start":{"line":8,"column":19},"end":{"line":8,"column":57}},{"start":{"line":8,"column":61},"end":{"line":8,"column":68}}],"line":8},"3":{"loc":{"start":{"line":9,"column":13},"end":{"line":9,"column":57}},"type":"binary-expr","locations":[{"start":{"line":9,"column":13},"end":{"line":9,"column":45}},{"start":{"line":9,"column":49},"end":{"line":9,"column":57}}],"line":9},"4":{"loc":{"start":{"line":10,"column":13},"end":{"line":10,"column":51}},"type":"binary-expr","locations":[{"start":{"line":10,"column":13},"end":{"line":10,"column":45}},{"start":{"line":10,"column":49},"end":{"line":10,"column":51}}],"line":10},"5":{"loc":{"start":{"line":12,"column":25},"end":{"line":12,"column":87}},"type":"binary-expr","locations":[{"start":{"line":12,"column":25},"end":{"line":12,"column":72}},{"start":{"line":12,"column":76},"end":{"line":12,"column":87}}],"line":12},"6":{"loc":{"start":{"line":13,"column":26},"end":{"line":13,"column":109}},"type":"binary-expr","locations":[{"start":{"line":13,"column":26},"end":{"line":13,"column":79}},{"start":{"line":13,"column":83},"end":{"line":13,"column":94}},{"start":{"line":13,"column":98},"end":{"line":13,"column":109}}],"line":13}},"s":{"0":0,"1":0,"2":0,"3":0,"4":0,"5":0,"6":0,"7":0,"8":0,"9":0,"10":0,"11":0,"12":0,"13":0,"14":0,"15":0,"16":0,"17":0,"18":0,"19":0,"20":0,"21":0,"22":0},"f":{"0":0,"1":0,"2":0,"3":0,"4":0,"5":0,"6":0,"7":0,"8":0},"b":{"0":[0,0],"1":[0,0],"2":[0,0],"3":[0,0],"4":[0,0],"5":[0,0],"6":[0,0,0]}}
,"C:\\Users\\Gerald\\Desktop\\SMU\\SPM\\IS212-G8T4\\backend\\src\\db\\seed\\seeders\\teams.js": {"path":"C:\\Users\\Gerald\\Desktop\\SMU\\SPM\\IS212-G8T4\\backend\\src\\db\\seed\\seeders\\teams.js","statementMap":{"0":{"start":{"line":1,"column":13},"end":{"line":1,"column":41}},"1":{"start":{"line":3,"column":0},"end":{"line":15,"column":2}},"2":{"start":{"line":4,"column":2},"end":{"line":4,"column":28}},"3":{"start":{"line":5,"column":22},"end":{"line":5,"column":87}},"4":{"start":{"line":5,"column":44},"end":{"line":5,"column":68}},"5":{"start":{"line":6,"column":21},"end":{"line":6,"column":103}},"6":{"start":{"line":6,"column":43},"end":{"line":6,"column":66}},"7":{"start":{"line":8,"column":15},"end":{"line":12,"column":3}},"8":{"start":{"line":13,"column":19},"end":{"line":13,"column":65}},"9":{"start":{"line":14,"column":2},"end":{"line":14,"column":43}},"10":{"start":{"line":14,"column":29},"end":{"line":14,"column":41}}},"fnMap":{"0":{"name":"seedTeams","decl":{"start":{"line":3,"column":32},"end":{"line":3,"column":41}},"loc":{"start":{"line":3,"column":67},"end":{"line":15,"column":1}},"line":3},"1":{"name":"(anonymous_1)","decl":{"start":{"line":5,"column":39},"end":{"line":5,"column":40}},"loc":{"start":{"line":5,"column":44},"end":{"line":5,"column":68}},"line":5},"2":{"name":"(anonymous_2)","decl":{"start":{"line":6,"column":38},"end":{"line":6,"column":39}},"loc":{"start":{"line":6,"column":43},"end":{"line":6,"column":66}},"line":6},"3":{"name":"(anonymous_3)","decl":{"start":{"line":14,"column":22},"end":{"line":14,"column":23}},"loc":{"start":{"line":14,"column":29},"end":{"line":14,"column":41}},"line":14}},"branchMap":{"0":{"loc":{"start":{"line":5,"column":22},"end":{"line":5,"column":87}},"type":"binary-expr","locations":[{"start":{"line":5,"column":22},"end":{"line":5,"column":69}},{"start":{"line":5,"column":73},"end":{"line":5,"column":87}}],"line":5},"1":{"loc":{"start":{"line":6,"column":21},"end":{"line":6,"column":103}},"type":"binary-expr","locations":[{"start":{"line":6,"column":21},"end":{"line":6,"column":67}},{"start":{"line":6,"column":71},"end":{"line":6,"column":85}},{"start":{"line":6,"column":89},"end":{"line":6,"column":103}}],"line":6}},"s":{"0":0,"1":0,"2":0,"3":0,"4":0,"5":0,"6":0,"7":0,"8":0,"9":0,"10":0},"f":{"0":0,"1":0,"2":0,"3":0},"b":{"0":[0,0],"1":[0,0,0]}}
,"C:\\Users\\Gerald\\Desktop\\SMU\\SPM\\IS212-G8T4\\backend\\src\\db\\seed\\seeders\\users.js": {"path":"C:\\Users\\Gerald\\Desktop\\SMU\\SPM\\IS212-G8T4\\backend\\src\\db\\seed\\seeders\\users.js","statementMap":{"0":{"start":{"line":1,"column":15},"end":{"line":1,"column":34}},"1":{"start":{"line":2,"column":13},"end":{"line":2,"column":41}},"2":{"start":{"line":6,"column":0},"end":{"line":60,"column":2}},"3":{"start":{"line":7,"column":2},"end":{"line":7,"column":28}},"4":{"start":{"line":8,"column":23},"end":{"line":8,"column":54}},"5":{"start":{"line":11,"column":24},"end":{"line":11,"column":43}},"6":{"start":{"line":12,"column":18},"end":{"line":12,"column":26}},"7":{"start":{"line":13,"column":21},"end":{"line":13,"column":59}},"8":{"start":{"line":15,"column":15},"end":{"line":56,"column":3}},"9":{"start":{"line":58,"column":19},"end":{"line":58,"column":65}},"10":{"start":{"line":59,"column":2},"end":{"line":59,"column":43}},"11":{"start":{"line":59,"column":29},"end":{"line":59,"column":41}}},"fnMap":{"0":{"name":"seedUsers","decl":{"start":{"line":6,"column":32},"end":{"line":6,"column":41}},"loc":{"start":{"line":6,"column":74},"end":{"line":60,"column":1}},"line":6},"1":{"name":"(anonymous_1)","decl":{"start":{"line":59,"column":22},"end":{"line":59,"column":23}},"loc":{"start":{"line":59,"column":29},"end":{"line":59,"column":41}},"line":59}},"branchMap":{"0":{"loc":{"start":{"line":13,"column":21},"end":{"line":13,"column":59}},"type":"binary-expr","locations":[{"start":{"line":13,"column":21},"end":{"line":13,"column":42}},{"start":{"line":13,"column":46},"end":{"line":13,"column":59}}],"line":13}},"s":{"0":0,"1":0,"2":0,"3":0,"4":0,"5":0,"6":0,"7":0,"8":0,"9":0,"10":0,"11":0},"f":{"0":0,"1":0},"b":{"0":[0,0]}}
,"C:\\Users\\Gerald\\Desktop\\SMU\\SPM\\IS212-G8T4\\backend\\src\\db\\seed\\utils\\faker.js": {"path":"C:\\Users\\Gerald\\Desktop\\SMU\\SPM\\IS212-G8T4\\backend\\src\\db\\seed\\utils\\faker.js","statementMap":{"0":{"start":{"line":1,"column":22},"end":{"line":1,"column":48}},"1":{"start":{"line":3,"column":18},"end":{"line":3,"column":73}},"2":{"start":{"line":4,"column":14},"end":{"line":4,"column":41}},"3":{"start":{"line":5,"column":0},"end":{"line":5,"column":22}},"4":{"start":{"line":7,"column":0},"end":{"line":7,"column":27}}},"fnMap":{},"branchMap":{"0":{"loc":{"start":{"line":3,"column":18},"end":{"line":3,"column":73}},"type":"binary-expr","locations":[{"start":{"line":3,"column":18},"end":{"line":3,"column":65}},{"start":{"line":3,"column":69},"end":{"line":3,"column":73}}],"line":3},"1":{"loc":{"start":{"line":3,"column":27},"end":{"line":3,"column":60}},"type":"binary-expr","locations":[{"start":{"line":3,"column":27},"end":{"line":3,"column":50}},{"start":{"line":3,"column":54},"end":{"line":3,"column":60}}],"line":3}},"s":{"0":0,"1":0,"2":0,"3":0,"4":0},"f":{},"b":{"0":[0,0],"1":[0,0]}}
,"C:\\Users\\Gerald\\Desktop\\SMU\\SPM\\IS212-G8T4\\backend\\src\\db\\seed\\utils\\random.js": {"path":"C:\\Users\\Gerald\\Desktop\\SMU\\SPM\\IS212-G8T4\\backend\\src\\db\\seed\\utils\\random.js","statementMap":{"0":{"start":{"line":1,"column":18},"end":{"line":1,"column":36}},"1":{"start":{"line":3,"column":13},"end":{"line":3,"column":104}},"2":{"start":{"line":3,"column":22},"end":{"line":3,"column":104}},"3":{"start":{"line":4,"column":14},"end":{"line":4,"column":59}},"4":{"start":{"line":4,"column":21},"end":{"line":4,"column":59}},"5":{"start":{"line":4,"column":57},"end":{"line":4,"column":58}},"6":{"start":{"line":5,"column":20},"end":{"line":5,"column":80}},"7":{"start":{"line":5,"column":36},"end":{"line":5,"column":80}},"8":{"start":{"line":7,"column":0},"end":{"line":7,"column":46}}},"fnMap":{"0":{"name":"(anonymous_0)","decl":{"start":{"line":3,"column":13},"end":{"line":3,"column":14}},"loc":{"start":{"line":3,"column":22},"end":{"line":3,"column":104}},"line":3},"1":{"name":"(anonymous_1)","decl":{"start":{"line":4,"column":14},"end":{"line":4,"column":15}},"loc":{"start":{"line":4,"column":21},"end":{"line":4,"column":59}},"line":4},"2":{"name":"(anonymous_2)","decl":{"start":{"line":4,"column":47},"end":{"line":4,"column":48}},"loc":{"start":{"line":4,"column":57},"end":{"line":4,"column":58}},"line":4},"3":{"name":"(anonymous_3)","decl":{"start":{"line":5,"column":20},"end":{"line":5,"column":21}},"loc":{"start":{"line":5,"column":36},"end":{"line":5,"column":80}},"line":5}},"branchMap":{},"s":{"0":0,"1":0,"2":0,"3":0,"4":0,"5":0,"6":0,"7":0,"8":0},"f":{"0":0,"1":0,"2":0,"3":0},"b":{}}
,"C:\\Users\\Gerald\\Desktop\\SMU\\SPM\\IS212-G8T4\\backend\\src\\domain\\ActivityLog.js": {"path":"C:\\Users\\Gerald\\Desktop\\SMU\\SPM\\IS212-G8T4\\backend\\src\\domain\\ActivityLog.js","statementMap":{"0":{"start":{"line":3,"column":4},"end":{"line":3,"column":34}},"1":{"start":{"line":4,"column":4},"end":{"line":4,"column":30}},"2":{"start":{"line":5,"column":4},"end":{"line":5,"column":30}},"3":{"start":{"line":6,"column":4},"end":{"line":6,"column":38}},"4":{"start":{"line":7,"column":4},"end":{"line":7,"column":42}},"5":{"start":{"line":8,"column":4},"end":{"line":8,"column":38}},"6":{"start":{"line":9,"column":4},"end":{"line":9,"column":36}},"7":{"start":{"line":10,"column":4},"end":{"line":10,"column":36}},"8":{"start":{"line":11,"column":4},"end":{"line":11,"column":36}},"9":{"start":{"line":16,"column":16},"end":{"line":16,"column":26}},"10":{"start":{"line":17,"column":17},"end":{"line":17,"column":47}},"11":{"start":{"line":18,"column":4},"end":{"line":18,"column":40}},"12":{"start":{"line":22,"column":18},"end":{"line":22,"column":28}},"13":{"start":{"line":23,"column":20},"end":{"line":23,"column":44}},"14":{"start":{"line":24,"column":4},"end":{"line":24,"column":59}},"15":{"start":{"line":28,"column":16},"end":{"line":28,"column":26}},"16":{"start":{"line":29,"column":20},"end":{"line":29,"column":44}},"17":{"start":{"line":30,"column":20},"end":{"line":30,"column":69}},"18":{"start":{"line":31,"column":4},"end":{"line":31,"column":30}},"19":{"start":{"line":36,"column":4},"end":{"line":46,"column":6}},"20":{"start":{"line":50,"column":4},"end":{"line":57,"column":6}},"21":{"start":{"line":61,"column":0},"end":{"line":61,"column":29}}},"fnMap":{"0":{"name":"(anonymous_0)","decl":{"start":{"line":2,"column":2},"end":{"line":2,"column":3}},"loc":{"start":{"line":2,"column":20},"end":{"line":12,"column":3}},"line":2},"1":{"name":"(anonymous_1)","decl":{"start":{"line":15,"column":2},"end":{"line":15,"column":3}},"loc":{"start":{"line":15,"column":24},"end":{"line":19,"column":3}},"line":15},"2":{"name":"(anonymous_2)","decl":{"start":{"line":21,"column":2},"end":{"line":21,"column":3}},"loc":{"start":{"line":21,"column":12},"end":{"line":25,"column":3}},"line":21},"3":{"name":"(anonymous_3)","decl":{"start":{"line":27,"column":2},"end":{"line":27,"column":3}},"loc":{"start":{"line":27,"column":15},"end":{"line":32,"column":3}},"line":27},"4":{"name":"(anonymous_4)","decl":{"start":{"line":35,"column":2},"end":{"line":35,"column":3}},"loc":{"start":{"line":35,"column":10},"end":{"line":47,"column":3}},"line":35},"5":{"name":"(anonymous_5)","decl":{"start":{"line":49,"column":2},"end":{"line":49,"column":3}},"loc":{"start":{"line":49,"column":14},"end":{"line":58,"column":3}},"line":49}},"branchMap":{"0":{"loc":{"start":{"line":3,"column":14},"end":{"line":3,"column":33}},"type":"binary-expr","locations":[{"start":{"line":3,"column":14},"end":{"line":3,"column":22}},{"start":{"line":3,"column":26},"end":{"line":3,"column":33}}],"line":3},"1":{"loc":{"start":{"line":6,"column":19},"end":{"line":6,"column":37}},"type":"binary-expr","locations":[{"start":{"line":6,"column":19},"end":{"line":6,"column":31}},{"start":{"line":6,"column":35},"end":{"line":6,"column":37}}],"line":6},"2":{"loc":{"start":{"line":15,"column":11},"end":{"line":15,"column":22}},"type":"default-arg","locations":[{"start":{"line":15,"column":21},"end":{"line":15,"column":22}}],"line":15}},"s":{"0":0,"1":0,"2":0,"3":0,"4":0,"5":0,"6":0,"7":0,"8":0,"9":0,"10":0,"11":0,"12":0,"13":0,"14":0,"15":0,"16":0,"17":0,"18":0,"19":0,"20":0,"21":0},"f":{"0":0,"1":0,"2":0,"3":0,"4":0,"5":0},"b":{"0":[0,0],"1":[0,0],"2":[0]}}
[...]
8,"column":41}}],"line":268},"53":{"loc":{"start":{"line":275,"column":6},"end":{"line":291,"column":7}},"type":"if","locations":[{"start":{"line":275,"column":6},"end":{"line":291,"column":7}},{"start":{},"end":{}}],"line":275},"54":{"loc":{"start":{"line":277,"column":8},"end":{"line":277,"column":65}},"type":"if","locations":[{"start":{"line":277,"column":8},"end":{"line":277,"column":65}},{"start":{},"end":{}}],"line":277},"55":{"loc":{"start":{"line":280,"column":8},"end":{"line":287,"column":9}},"type":"if","locations":[{"start":{"line":280,"column":8},"end":{"line":287,"column":9}},{"start":{},"end":{}}],"line":280},"56":{"loc":{"start":{"line":284,"column":10},"end":{"line":286,"column":11}},"type":"if","locations":[{"start":{"line":284,"column":10},"end":{"line":286,"column":11}},{"start":{},"end":{}}],"line":284},"57":{"loc":{"start":{"line":284,"column":14},"end":{"line":284,"column":41}},"type":"binary-expr","locations":[{"start":{"line":284,"column":14},"end":{"line":284,"column":22}},{"start":{"line":284,"column":26},"end":{"line":284,"column":41}}],"line":284},"58":{"loc":{"start":{"line":290,"column":8},"end":{"line":290,"column":54}},"type":"if","locations":[{"start":{"line":290,"column":8},"end":{"line":290,"column":54}},{"start":{},"end":{}}],"line":290},"59":{"loc":{"start":{"line":328,"column":8},"end":{"line":330,"column":9}},"type":"if","locations":[{"start":{"line":328,"column":8},"end":{"line":330,"column":9}},{"start":{},"end":{}}],"line":328},"60":{"loc":{"start":{"line":355,"column":6},"end":{"line":371,"column":7}},"type":"if","locations":[{"start":{"line":355,"column":6},"end":{"line":371,"column":7}},{"start":{"line":362,"column":13},"end":{"line":371,"column":7}}],"line":355},"61":{"loc":{"start":{"line":362,"column":13},"end":{"line":371,"column":7}},"type":"if","locations":[{"start":{"line":362,"column":13},"end":{"line":371,"column":7}},{"start":{"line":365,"column":13},"end":{"line":371,"column":7}}],"line":362},"62":{"loc":{"start":{"line":365,"column":13},"end":{"line":371,"column":7}},"type":"if","locations":[{"start":{"line":365,"column":13},"end":{"line":371,"column":7}},{"start":{"line":368,"column":13},"end":{"line":371,"column":7}}],"line":365},"63":{"loc":{"start":{"line":368,"column":13},"end":{"line":371,"column":7}},"type":"if","locations":[{"start":{"line":368,"column":13},"end":{"line":371,"column":7}},{"start":{},"end":{}}],"line":368},"64":{"loc":{"start":{"line":368,"column":17},"end":{"line":368,"column":57}},"type":"binary-expr","locations":[{"start":{"line":368,"column":17},"end":{"line":368,"column":28}},{"start":{"line":368,"column":32},"end":{"line":368,"column":57}}],"line":368},"65":{"loc":{"start":{"line":393,"column":6},"end":{"line":393,"column":54}},"type":"if","locations":[{"start":{"line":393,"column":6},"end":{"line":393,"column":54}},{"start":{},"end":{}}],"line":393},"66":{"loc":{"start":{"line":402,"column":6},"end":{"line":404,"column":7}},"type":"if","locations":[{"start":{"line":402,"column":6},"end":{"line":404,"column":7}},{"start":{},"end":{}}],"line":402},"67":{"loc":{"start":{"line":407,"column":6},"end":{"line":409,"column":7}},"type":"if","locations":[{"start":{"line":407,"column":6},"end":{"line":409,"column":7}},{"start":{},"end":{}}],"line":407},"68":{"loc":{"start":{"line":422,"column":6},"end":{"line":422,"column":54}},"type":"if","locations":[{"start":{"line":422,"column":6},"end":{"line":422,"column":54}},{"start":{},"end":{}}],"line":422},"69":{"loc":{"start":{"line":429,"column":6},"end":{"line":431,"column":7}},"type":"if","locations":[{"start":{"line":429,"column":6},"end":{"line":431,"column":7}},{"start":{},"end":{}}],"line":429},"70":{"loc":{"start":{"line":444,"column":6},"end":{"line":444,"column":54}},"type":"if","locations":[{"start":{"line":444,"column":6},"end":{"line":444,"column":54}},{"start":{},"end":{}}],"line":444},"71":{"loc":{"start":{"line":451,"column":6},"end":{"line":453,"column":7}},"type":"if","locations":[{"start":{"line":451,"column":6},"end":{"line":453,"column":7}},{"start":{},"end":{}}],"line":451},"72":{"loc":{"start":{"line":466,"column":6},"end":{"line":466,"column":54}},"type":"if","locations":[{"start":{"line":466,"column":6},"end":{"line":466,"column":54}},{"start":{},"end":{}}],"line":466}},"s":{"0":6,"1":6,"2":6,"3":6,"4":6,"5":6,"6":6,"7":6,"8":0,"9":0,"10":0,"11":6,"12":6,"13":6,"14":6,"15":0,"16":0,"17":0,"18":6,"19":6,"20":0,"21":0,"22":0,"23":0,"24":6,"25":6,"26":6,"27":6,"28":6,"29":6,"30":6,"31":6,"32":6,"33":6,"34":6,"35":6,"36":6,"37":6,"38":6,"39":6,"40":6,"41":6,"42":0,"43":6,"44":6,"45":6,"46":6,"47":0,"48":6,"49":6,"50":0,"51":0,"52":0,"53":0,"54":0,"55":0,"56":0,"57":0,"58":0,"59":6,"60":0,"61":6,"62":0,"63":6,"64":6,"65":6,"66":0,"67":0,"68":0,"69":0,"70":0,"71":0,"72":0,"73":0,"74":0,"75":0,"76":0,"77":0,"78":0,"79":0,"80":0,"81":0,"82":0,"83":0,"84":0,"85":0,"86":0,"87":0,"88":0,"89":0,"90":0,"91":0,"92":0,"93":0,"94":0,"95":0,"96":0,"97":0,"98":0,"99":0,"100":0,"101":0,"102":0,"103":0,"104":0,"105":0,"106":0,"107":0,"108":0,"109":0,"110":0,"111":0,"112":0,"113":0,"114":0,"115":0,"116":0,"117":0,"118":0,"119":0,"120":0,"121":0,"122":0,"123":0,"124":0,"125":0,"126":0,"127":0,"128":0,"129":0,"130":0,"131":0,"132":0,"133":0,"134":0,"135":0,"136":0,"137":0,"138":0,"139":0,"140":0,"141":0,"142":0,"143":0,"144":0,"145":0,"146":0,"147":0,"148":0,"149":0,"150":0,"151":0,"152":0,"153":0,"154":0,"155":0,"156":0,"157":0,"158":0,"159":0,"160":0,"161":0,"162":0,"163":0,"164":0,"165":0,"166":0,"167":0,"168":0,"169":0,"170":0,"171":0,"172":0,"173":0,"174":0,"175":0,"176":0,"177":0,"178":0,"179":0,"180":0,"181":0,"182":0,"183":0,"184":0,"185":0,"186":0,"187":0,"188":0,"189":0,"190":0,"191":0,"192":0,"193":0,"194":0,"195":0,"196":0,"197":0,"198":0,"199":0,"200":0,"201":0,"202":0,"203":0,"204":0,"205":0,"206":0,"207":0,"208":0,"209":0,"210":0,"211":0,"212":0,"213":0,"214":0,"215":0,"216":0,"217":0,"218":0,"219":0,"220":0,"221":0,"222":0,"223":0,"224":0,"225":0,"226":0,"227":0,"228":0,"229":0,"230":0,"231":0,"232":0,"233":0,"234":0,"235":0,"236":0,"237":0,"238":0,"239":0,"240":0,"241":0,"242":0,"243":0,"244":0,"245":0,"246":0,"247":0,"248":0,"249":0,"250":0,"251":0,"252":0,"253":0,"254":0,"255":0,"256":0,"257":0,"258":0,"259":0,"260":6,"261":6,"262":6,"263":6},"f":{"0":6,"1":0,"2":0,"3":0,"4":6,"5":6,"6":0,"7":0,"8":0,"9":0,"10":0,"11":0,"12":0,"13":0,"14":0,"15":0,"16":0,"17":0,"18":0,"19":0,"20":0,"21":0,"22":0,"23":0,"24":0,"25":0,"26":0,"27":0,"28":0},"b":{"0":[0,0],"1":[0,0],"2":[0,0],"3":[0,0],"4":[0,0],"5":[0,0],"6":[0,0],"7":[0,0],"8":[0,6],"9":[0,6],"10":[6,0],"11":[6,0],"12":[6,6],"13":[6,0],"14":[0,6],"15":[0,6],"16":[0,0],"17":[0,0],"18":[0,0],"19":[0,6],"20":[0,6],"21":[0,0],"22":[0,0],"23":[0,0],"24":[0,0],"25":[0,0],"26":[0,0],"27":[0,0],"28":[0,0],"29":[0,0],"30":[0,0],"31":[0,0],"32":[0,0,0],"33":[0,0],"34":[0,0],"35":[0,0],"36":[0,0],"37":[0,0],"38":[0,0],"39":[0,0],"40":[0,0],"41":[0,0],"42":[0,0],"43":[0,0],"44":[0,0],"45":[0,0],"46":[0,0],"47":[0,0],"48":[0,0],"49":[0,0],"50":[0,0],"51":[0,0],"52":[0,0],"53":[0,0],"54":[0,0],"55":[0,0],"56":[0,0],"57":[0,0],"58":[0,0],"59":[0,0],"60":[0,0],"61":[0,0],"62":[0,0],"63":[0,0],"64":[0,0],"65":[0,0],"66":[0,0],"67":[0,0],"68":[0,0],"69":[0,0],"70":[0,0],"71":[0,0],"72":[0,0]},"_coverageSchema":"1a1c01bbd47fc00a2c39e90264f33305004495a9","hash":"84d128ddd98e2cdb5197db00f852077144e243fd"}
,"C:\\Users\\Gerald\\Desktop\\SMU\\SPM\\IS212-G8T4\\backend\\src\\services\\userService.js": {"path":"C:\\Users\\Gerald\\Desktop\\SMU\\SPM\\IS212-G8T4\\backend\\src\\services\\userService.js","statementMap":{"0":{"start":{"line":1,"column":23},"end":{"line":1,"column":64}},"1":{"start":{"line":2,"column":13},"end":{"line":2,"column":38}},"2":{"start":{"line":6,"column":4},"end":{"line":6,"column":41}},"3":{"start":{"line":10,"column":4},"end":{"line":17,"column":5}},"4":{"start":{"line":11,"column":22},"end":{"line":11,"column":70}},"5":{"start":{"line":12,"column":6},"end":{"line":12,"column":54}},"6":{"start":{"line":12,"column":20},"end":{"line":12,"column":54}},"7":{"start":{"line":14,"column":6},"end":{"line":14,"column":31}},"8":{"start":{"line":16,"column":6},"end":{"line":16,"column":63}},"9":{"start":{"line":21,"column":4},"end":{"line":28,"column":5}},"10":{"start":{"line":22,"column":22},"end":{"line":22,"column":66}},"11":{"start":{"line":23,"column":6},"end":{"line":23,"column":54}},"12":{"start":{"line":23,"column":20},"end":{"line":23,"column":54}},"13":{"start":{"line":25,"column":6},"end":{"line":25,"column":31}},"14":{"start":{"line":27,"column":6},"end":{"line":27,"column":72}},"15":{"start":{"line":32,"column":4},"end":{"line":37,"column":5}},"16":{"start":{"line":33,"column":22},"end":{"line":33,"column":64}},"17":{"start":{"line":34,"column":6},"end":{"line":34,"column":31}},"18":{"start":{"line":36,"column":6},"end":{"line":36,"column":63}},"19":{"start":{"line":41,"column":4},"end":{"line":48,"column":5}},"20":{"start":{"line":42,"column":22},"end":{"line":42,"column":75}},"21":{"start":{"line":43,"column":6},"end":{"line":43,"column":54}},"22":{"start":{"line":43,"column":20},"end":{"line":43,"column":54}},"23":{"start":{"line":45,"column":6},"end":{"line":45,"column":31}},"24":{"start":{"line":47,"column":6},"end":{"line":47,"column":63}},"25":{"start":{"line":52,"column":4},"end":{"line":57,"column":5}},"26":{"start":{"line":53,"column":23},"end":{"line":53,"column":84}},"27":{"start":{"line":54,"column":6},"end":{"line":54,"column":48}},"28":{"start":{"line":54,"column":33},"end":{"line":54,"column":46}},"29":{"start":{"line":56,"column":6},"end":{"line":56,"column":78}},"30":{"start":{"line":61,"column":4},"end":{"line":66,"column":5}},"31":{"start":{"line":62,"column":23},"end":{"line":62,"column":72}},"32":{"start":{"line":63,"column":6},"end":{"line":63,"column":48}},"33":{"start":{"line":63,"column":33},"end":{"line":63,"column":46}},"34":{"start":{"line":65,"column":6},"end":{"line":65,"column":72}},"35":{"start":{"line":70,"column":4},"end":{"line":77,"column":5}},"36":{"start":{"line":71,"column":22},"end":{"line":71,"column":88}},"37":{"start":{"line":72,"column":6},"end":{"line":72,"column":54}},"38":{"start":{"line":72,"column":20},"end":{"line":72,"column":54}},"39":{"start":{"line":74,"column":6},"end":{"line":74,"column":31}},"40":{"start":{"line":76,"column":6},"end":{"line":76,"column":67}},"41":{"start":{"line":81,"column":4},"end":{"line":88,"column":5}},"42":{"start":{"line":82,"column":22},"end":{"line":82,"column":84}},"43":{"start":{"line":83,"column":6},"end":{"line":83,"column":54}},"44":{"start":{"line":83,"column":20},"end":{"line":83,"column":54}},"45":{"start":{"line":85,"column":6},"end":{"line":85,"column":31}},"46":{"start":{"line":87,"column":6},"end":{"line":87,"column":69}},"47":{"start":{"line":92,"column":4},"end":{"line":99,"column":5}},"48":{"start":{"line":93,"column":22},"end":{"line":93,"column":71}},"49":{"start":{"line":94,"column":6},"end":{"line":94,"column":54}},"50":{"start":{"line":94,"column":20},"end":{"line":94,"column":54}},"51":{"start":{"line":96,"column":6},"end":{"line":96,"column":31}},"52":{"start":{"line":98,"column":6},"end":{"line":98,"column":70}},"53":{"start":{"line":103,"column":4},"end":{"line":110,"column":5}},"54":{"start":{"line":104,"column":22},"end":{"line":104,"column":71}},"55":{"start":{"line":105,"column":6},"end":{"line":105,"column":70}},"56":{"start":{"line":105,"column":20},"end":{"line":105,"column":70}},"57":{"start":{"line":107,"column":6},"end":{"line":107,"column":31}},"58":{"start":{"line":109,"column":6},"end":{"line":109,"column":72}},"59":{"start":{"line":114,"column":4},"end":{"line":119,"column":5}},"60":{"start":{"line":115,"column":23},"end":{"line":115,"column":58}},"61":{"start":{"line":116,"column":6},"end":{"line":116,"column":48}},"62":{"start":{"line":116,"column":33},"end":{"line":116,"column":46}},"63":{"start":{"line":118,"column":6},"end":{"line":118,"column":68}},"64":{"start":{"line":124,"column":23},"end":{"line":124,"column":43}},"65":{"start":{"line":125,"column":20},"end":{"line":125,"column":51}},"66":{"start":{"line":127,"column":0},"end":{"line":127,"column":29}},"67":{"start":{"line":128,"column":0},"end":{"line":128,"column":41}}},"fnMap":{"0":{"name":"(anonymous_0)","decl":{"start":{"line":5,"column":2},"end":{"line":5,"column":3}},"loc":{"start":{"line":5,"column":30},"end":{"line":7,"column":3}},"line":5},"1":{"name":"(anonymous_1)","decl":{"start":{"line":9,"column":2},"end":{"line":9,"column":3}},"loc":{"start":{"line":9,"column":28},"end":{"line":18,"column":3}},"line":9},"2":{"name":"(anonymous_2)","decl":{"start":{"line":20,"column":2},"end":{"line":20,"column":3}},"loc":{"start":{"line":20,"column":30},"end":{"line":29,"column":3}},"line":20},"3":{"name":"(anonymous_3)","decl":{"start":{"line":31,"column":2},"end":{"line":31,"column":3}},"loc":{"start":{"line":31,"column":29},"end":{"line":38,"column":3}},"line":31},"4":{"name":"(anonymous_4)","decl":{"start":{"line":40,"column":2},"end":{"line":40,"column":3}},"loc":{"start":{"line":40,"column":36},"end":{"line":49,"column":3}},"line":40},"5":{"name":"(anonymous_5)","decl":{"start":{"line":51,"column":2},"end":{"line":51,"column":3}},"loc":{"start":{"line":51,"column":43},"end":{"line":58,"column":3}},"line":51},"6":{"name":"(anonymous_6)","decl":{"start":{"line":54,"column":26},"end":{"line":54,"column":27}},"loc":{"start":{"line":54,"column":33},"end":{"line":54,"column":46}},"line":54},"7":{"name":"(anonymous_7)","decl":{"start":{"line":60,"column":2},"end":{"line":60,"column":3}},"loc":{"start":{"line":60,"column":31},"end":{"line":67,"column":3}},"line":60},"8":{"name":"(anonymous_8)","decl":{"start":{"line":63,"column":26},"end":{"line":63,"column":27}},"loc":{"start":{"line":63,"column":33},"end":{"line":63,"column":46}},"line":63},"9":{"name":"(anonymous_9)","decl":{"start":{"line":69,"column":2},"end":{"line":69,"column":3}},"loc":{"start":{"line":69,"column":45},"end":{"line":78,"column":3}},"line":69},"10":{"name":"(anonymous_10)","decl":{"start":{"line":80,"column":2},"end":{"line":80,"column":3}},"loc":{"start":{"line":80,"column":45},"end":{"line":89,"column":3}},"line":80},"11":{"name":"(anonymous_11)","decl":{"start":{"line":91,"column":2},"end":{"line":91,"column":3}},"loc":{"start":{"line":91,"column":32},"end":{"line":100,"column":3}},"line":91},"12":{"name":"(anonymous_12)","decl":{"start":{"line":102,"column":2},"end":{"line":102,"column":3}},"loc":{"start":{"line":102,"column":35},"end":{"line":111,"column":3}},"line":102},"13":{"name":"(anonymous_13)","decl":{"start":{"line":113,"column":2},"end":{"line":113,"column":3}},"loc":{"start":{"line":113,"column":22},"end":{"line":120,"column":3}},"line":113},"14":{"name":"(anonymous_14)","decl":{"start":{"line":116,"column":26},"end":{"line":116,"column":27}},"loc":{"start":{"line":116,"column":33},"end":{"line":116,"column":46}},"line":116}},"branchMap":{"0":{"loc":{"start":{"line":12,"column":6},"end":{"line":12,"column":54}},"type":"if","locations":[{"start":{"line":12,"column":6},"end":{"line":12,"column":54}},{"start":{},"end":{}}],"line":12},"1":{"loc":{"start":{"line":16,"column":22},"end":{"line":16,"column":61}},"type":"binary-expr","locations":[{"start":{"line":16,"column":22},"end":{"line":16,"column":36}},{"start":{"line":16,"column":40},"end":{"line":16,"column":61}}],"line":16},"2":{"loc":{"start":{"line":23,"column":6},"end":{"line":23,"column":54}},"type":"if","locations":[{"start":{"line":23,"column":6},"end":{"line":23,"column":54}},{"start":{},"end":{}}],"line":23},"3":{"loc":{"start":{"line":27,"column":22},"end":{"line":27,"column":70}},"type":"binary-expr","locations":[{"start":{"line":27,"column":22},"end":{"line":27,"column":36}},{"start":{"line":27,"column":40},"end":{"line":27,"column":70}}],"line":27},"4":{"loc":{"start":{"line":36,"column":22},"end":{"line":36,"column":61}},"type":"binary-expr","locations":[{"start":{"line":36,"column":22},"end":{"line":36,"column":36}},{"start":{"line":36,"column":40},"end":{"line":36,"column":61}}],"line":36},"5":{"loc":{"start":{"line":43,"column":6},"end":{"line":43,"column":54}},"type":"if","locations":[{"start":{"line":43,"column":6},"end":{"line":43,"column":54}},{"start":{},"end":{}}],"line":43},"6":{"loc":{"start":{"line":47,"column":22},"end":{"line":47,"column":61}},"type":"binary-expr","locations":[{"start":{"line":47,"column":22},"end":{"line":47,"column":36}},{"start":{"line":47,"column":40},"end":{"line":47,"column":61}}],"line":47},"7":{"loc":{"start":{"line":56,"column":22},"end":{"line":56,"column":76}},"type":"binary-expr","locations":[{"start":{"line":56,"column":22},"end":{"line":56,"column":36}},{"start":{"line":56,"column":40},"end":{"line":56,"column":76}}],"line":56},"8":{"loc":{"start":{"line":65,"column":22},"end":{"line":65,"column":70}},"type":"binary-expr","locations":[{"start":{"line":65,"column":22},"end":{"line":65,"column":36}},{"start":{"line":65,"column":40},"end":{"line":65,"column":70}}],"line":65},"9":{"loc":{"start":{"line":72,"column":6},"end":{"line":72,"column":54}},"type":"if","locations":[{"start":{"line":72,"column":6},"end":{"line":72,"column":54}},{"start":{},"end":{}}],"line":72},"10":{"loc":{"start":{"line":76,"column":22},"end":{"line":76,"column":65}},"type":"binary-expr","locations":[{"start":{"line":76,"column":22},"end":{"line":76,"column":36}},{"start":{"line":76,"column":40},"end":{"line":76,"column":65}}],"line":76},"11":{"loc":{"start":{"line":83,"column":6},"end":{"line":83,"column":54}},"type":"if","locations":[{"start":{"line":83,"column":6},"end":{"line":83,"column":54}},{"start":{},"end":{}}],"line":83},"12":{"loc":{"start":{"line":87,"column":22},"end":{"line":87,"column":67}},"type":"binary-expr","locations":[{"start":{"line":87,"column":22},"end":{"line":87,"column":36}},{"start":{"line":87,"column":40},"end":{"line":87,"column":67}}],"line":87},"13":{"loc":{"start":{"line":94,"column":6},"end":{"line":94,"column":54}},"type":"if","locations":[{"start":{"line":94,"column":6},"end":{"line":94,"column":54}},{"start":{},"end":{}}],"line":94},"14":{"loc":{"start":{"line":98,"column":22},"end":{"line":98,"column":68}},"type":"binary-expr","locations":[{"start":{"line":98,"column":22},"end":{"line":98,"column":36}},{"start":{"line":98,"column":40},"end":{"line":98,"column":68}}],"line":98},"15":{"loc":{"start":{"line":105,"column":6},"end":{"line":105,"column":70}},"type":"if","locations":[{"start":{"line":105,"column":6},"end":{"line":105,"column":70}},{"start":{},"end":{}}],"line":105},"16":{"loc":{"start":{"line":109,"column":22},"end":{"line":109,"column":70}},"type":"binary-expr","locations":[{"start":{"line":109,"column":22},"end":{"line":109,"column":36}},{"start":{"line":109,"column":40},"end":{"line":109,"column":70}}],"line":109},"17":{"loc":{"start":{"line":118,"column":22},"end":{"line":118,"column":66}},"type":"binary-expr","locations":[{"start":{"line":118,"column":22},"end":{"line":118,"column":36}},{"start":{"line":118,"column":40},"end":{"line":118,"column":66}}],"line":118}},"s":{"0":6,"1":6,"2":6,"3":0,"4":0,"5":0,"6":0,"7":0,"8":0,"9":0,"10":0,"11":0,"12":0,"13":0,"14":0,"15":0,"16":0,"17":0,"18":0,"19":0,"20":0,"21":0,"22":0,"23":0,"24":0,"25":0,"26":0,"27":0,"28":0,"29":0,"30":0,"31":0,"32":0,"33":0,"34":0,"35":0,"36":0,"37":0,"38":0,"39":0,"40":0,"41":0,"42":0,"43":0,"44":0,"45":0,"46":0,"47":0,"48":0,"49":0,"50":0,"51":0,"52":0,"53":0,"54":0,"55":0,"56":0,"57":0,"58":0,"59":0,"60":0,"61":0,"62":0,"63":0,"64":6,"65":6,"66":6,"67":6},"f":{"0":6,"1":0,"2":0,"3":0,"4":0,"5":0,"6":0,"7":0,"8":0,"9":0,"10":0,"11":0,"12":0,"13":0,"14":0},"b":{"0":[0,0],"1":[0,0],"2":[0,0],"3":[0,0],"4":[0,0],"5":[0,0],"6":[0,0],"7":[0,0],"8":[0,0],"9":[0,0],"10":[0,0],"11":[0,0],"12":[0,0],"13":[0,0],"14":[0,0],"15":[0,0],"16":[0,0],"17":[0,0]},"_coverageSchema":"1a1c01bbd47fc00a2c39e90264f33305004495a9","hash":"fed47fb2e3082d4699f2ae5bb5b42a57a52a687b"}
}
